{"C:\\code\\scaffold\\src\\abstractions.ts": {"path":"C:\\code\\scaffold\\src\\abstractions.ts","statementMap":{"0":{"start":{"line":137,"column":0},"end":{"line":137,"column":null}},"1":{"start":{"line":141,"column":4},"end":{"line":141,"column":null}},"2":{"start":{"line":146,"column":4},"end":{"line":146,"column":null}},"3":{"start":{"line":151,"column":4},"end":{"line":151,"column":null}},"4":{"start":{"line":505,"column":0},"end":{"line":505,"column":null}},"5":{"start":{"line":510,"column":4},"end":{"line":510,"column":null}},"6":{"start":{"line":515,"column":4},"end":{"line":515,"column":null}},"7":{"start":{"line":520,"column":4},"end":{"line":520,"column":null}},"8":{"start":{"line":525,"column":4},"end":{"line":525,"column":null}},"9":{"start":{"line":530,"column":4},"end":{"line":530,"column":null}},"10":{"start":{"line":535,"column":4},"end":{"line":535,"column":null}}},"fnMap":{"0":{"name":"(anonymous_0)","decl":{"start":{"line":137,"column":0},"end":{"line":137,"column":12}},"loc":{"start":{"line":137,"column":27},"end":{"line":152,"column":1}}},"1":{"name":"(anonymous_1)","decl":{"start":{"line":505,"column":0},"end":{"line":505,"column":12}},"loc":{"start":{"line":505,"column":20},"end":{"line":536,"column":1}}}},"branchMap":{"0":{"loc":{"start":{"line":137,"column":12},"end":{"line":137,"column":27}},"type":"binary-expr","locations":[{"start":{"line":137,"column":12},"end":{"line":137,"column":27}},{"start":{"line":137,"column":12},"end":{"line":137,"column":null}}]},"1":{"loc":{"start":{"line":505,"column":12},"end":{"line":505,"column":20}},"type":"binary-expr","locations":[{"start":{"line":505,"column":12},"end":{"line":505,"column":20}},{"start":{"line":505,"column":12},"end":{"line":505,"column":null}}]}},"s":{"0":7,"1":7,"2":7,"3":7,"4":7,"5":7,"6":7,"7":7,"8":7,"9":7,"10":7},"f":{"0":7,"1":7},"b":{"0":[7,7],"1":[7,7]}}
,"C:\\code\\scaffold\\src\\application-builder.ts": {"path":"C:\\code\\scaffold\\src\\application-builder.ts","statementMap":{"0":{"start":{"line":2,"column":0},"end":{"line":2,"column":null}},"1":{"start":{"line":5,"column":0},"end":{"line":5,"column":44}},"2":{"start":{"line":6,"column":0},"end":{"line":6,"column":40}},"3":{"start":{"line":218,"column":8},"end":{"line":218,"column":29}},"4":{"start":{"line":219,"column":8},"end":{"line":219,"column":29}},"5":{"start":{"line":220,"column":8},"end":{"line":220,"column":35}},"6":{"start":{"line":229,"column":8},"end":{"line":229,"column":25}},"7":{"start":{"line":230,"column":8},"end":{"line":230,"column":31}},"8":{"start":{"line":235,"column":8},"end":{"line":248,"column":null}},"9":{"start":{"line":235,"column":21},"end":{"line":235,"column":22}},"10":{"start":{"line":236,"column":26},"end":{"line":236,"column":48}},"11":{"start":{"line":237,"column":12},"end":{"line":247,"column":null}},"12":{"start":{"line":238,"column":16},"end":{"line":246,"column":null}},"13":{"start":{"line":239,"column":43},"end":{"line":239,"column":83}},"14":{"start":{"line":241,"column":20},"end":{"line":243,"column":null}},"15":{"start":{"line":242,"column":24},"end":{"line":242,"column":71}},"16":{"start":{"line":245,"column":20},"end":{"line":245,"column":67}},"17":{"start":{"line":250,"column":8},"end":{"line":250,"column":45}},"18":{"start":{"line":260,"column":12},"end":{"line":260,"column":90}},"19":{"start":{"line":263,"column":8},"end":{"line":263,"column":52}},"20":{"start":{"line":264,"column":8},"end":{"line":264,"column":44}},"21":{"start":{"line":265,"column":8},"end":{"line":265,"column":29}},"22":{"start":{"line":267,"column":8},"end":{"line":272,"column":10}},"23":{"start":{"line":268,"column":12},"end":{"line":268,"column":81}},"24":{"start":{"line":269,"column":12},"end":{"line":269,"column":79}},"25":{"start":{"line":270,"column":12},"end":{"line":270,"column":66}},"26":{"start":{"line":271,"column":12},"end":{"line":271,"column":49}},"27":{"start":{"line":276,"column":22},"end":{"line":276,"column":72}},"28":{"start":{"line":278,"column":8},"end":{"line":278,"column":95}},"29":{"start":{"line":278,"column":64},"end":{"line":278,"column":93}},"30":{"start":{"line":280,"column":8},"end":{"line":280,"column":21}},"31":{"start":{"line":284,"column":8},"end":{"line":284,"column":40}},"32":{"start":{"line":288,"column":8},"end":{"line":288,"column":45}},"33":{"start":{"line":292,"column":8},"end":{"line":292,"column":41}},"34":{"start":{"line":293,"column":8},"end":{"line":293,"column":20}},"35":{"start":{"line":297,"column":35},"end":{"line":297,"column":62}},"36":{"start":{"line":298,"column":8},"end":{"line":298,"column":79}},"37":{"start":{"line":298,"column":57},"end":{"line":298,"column":77}},"38":{"start":{"line":299,"column":8},"end":{"line":299,"column":19}},"39":{"start":{"line":305,"column":8},"end":{"line":308,"column":22}},"40":{"start":{"line":315,"column":8},"end":{"line":317,"column":67}},"41":{"start":{"line":319,"column":25},"end":{"line":319,"column":57}},"42":{"start":{"line":321,"column":8},"end":{"line":328,"column":21}},"43":{"start":{"line":322,"column":12},"end":{"line":327,"column":15}},"44":{"start":{"line":323,"column":16},"end":{"line":323,"column":100}},"45":{"start":{"line":324,"column":16},"end":{"line":324,"column":63}},"46":{"start":{"line":325,"column":16},"end":{"line":325,"column":70}},"47":{"start":{"line":326,"column":16},"end":{"line":326,"column":53}},"48":{"start":{"line":330,"column":8},"end":{"line":330,"column":20}},"49":{"start":{"line":334,"column":25},"end":{"line":334,"column":96}},"50":{"start":{"line":335,"column":23},"end":{"line":335,"column":68}},"51":{"start":{"line":337,"column":8},"end":{"line":340,"column":11}},"52":{"start":{"line":337,"column":70},"end":{"line":340,"column":10}},"53":{"start":{"line":338,"column":12},"end":{"line":338,"column":48}},"54":{"start":{"line":339,"column":12},"end":{"line":339,"column":31}},"55":{"start":{"line":342,"column":8},"end":{"line":345,"column":11}},"56":{"start":{"line":342,"column":70},"end":{"line":345,"column":10}},"57":{"start":{"line":343,"column":12},"end":{"line":343,"column":55}},"58":{"start":{"line":344,"column":12},"end":{"line":344,"column":34}},"59":{"start":{"line":346,"column":8},"end":{"line":346,"column":20}},"60":{"start":{"line":350,"column":8},"end":{"line":352,"column":20}},"61":{"start":{"line":354,"column":25},"end":{"line":354,"column":96}},"62":{"start":{"line":355,"column":23},"end":{"line":355,"column":68}},"63":{"start":{"line":357,"column":8},"end":{"line":370,"column":11}},"64":{"start":{"line":357,"column":48},"end":{"line":370,"column":10}},"65":{"start":{"line":358,"column":12},"end":{"line":358,"column":69}},"66":{"start":{"line":360,"column":27},"end":{"line":360,"column":53}},"67":{"start":{"line":362,"column":25},"end":{"line":362,"column":44}},"68":{"start":{"line":364,"column":12},"end":{"line":369,"column":16}},"69":{"start":{"line":364,"column":61},"end":{"line":369,"column":14}},"70":{"start":{"line":365,"column":16},"end":{"line":368,"column":null}},"71":{"start":{"line":366,"column":20},"end":{"line":366,"column":67}},"72":{"start":{"line":367,"column":20},"end":{"line":367,"column":45}},"73":{"start":{"line":372,"column":8},"end":{"line":372,"column":20}},"74":{"start":{"line":376,"column":8},"end":{"line":376,"column":51}},"75":{"start":{"line":378,"column":25},"end":{"line":378,"column":96}},"76":{"start":{"line":379,"column":23},"end":{"line":379,"column":68}},"77":{"start":{"line":381,"column":8},"end":{"line":386,"column":11}},"78":{"start":{"line":381,"column":48},"end":{"line":386,"column":10}},"79":{"start":{"line":382,"column":12},"end":{"line":382,"column":112}},"80":{"start":{"line":383,"column":27},"end":{"line":383,"column":53}},"81":{"start":{"line":384,"column":26},"end":{"line":384,"column":54}},"82":{"start":{"line":385,"column":12},"end":{"line":385,"column":44}},"83":{"start":{"line":388,"column":8},"end":{"line":388,"column":20}},"84":{"start":{"line":394,"column":8},"end":{"line":397,"column":38}},"85":{"start":{"line":404,"column":30},"end":{"line":404,"column":42}},"86":{"start":{"line":405,"column":8},"end":{"line":405,"column":37}},"87":{"start":{"line":406,"column":23},"end":{"line":406,"column":44}},"88":{"start":{"line":408,"column":8},"end":{"line":410,"column":null}},"89":{"start":{"line":409,"column":12},"end":{"line":409,"column":26}},"90":{"start":{"line":412,"column":23},"end":{"line":412,"column":83}},"91":{"start":{"line":412,"column":39},"end":{"line":412,"column":82}},"92":{"start":{"line":414,"column":24},"end":{"line":414,"column":65}},"93":{"start":{"line":415,"column":8},"end":{"line":415,"column":58}},"94":{"start":{"line":420,"column":8},"end":{"line":429,"column":11}},"95":{"start":{"line":421,"column":12},"end":{"line":421,"column":55}},"96":{"start":{"line":424,"column":42},"end":{"line":424,"column":142}},"97":{"start":{"line":426,"column":12},"end":{"line":428,"column":14}},"98":{"start":{"line":426,"column":57},"end":{"line":428,"column":14}},"99":{"start":{"line":427,"column":16},"end":{"line":427,"column":64}},"100":{"start":{"line":431,"column":8},"end":{"line":431,"column":20}},"101":{"start":{"line":435,"column":8},"end":{"line":435,"column":32}},"102":{"start":{"line":435,"column":23},"end":{"line":435,"column":30}},"103":{"start":{"line":437,"column":8},"end":{"line":437,"column":20}},"104":{"start":{"line":442,"column":8},"end":{"line":447,"column":11}},"105":{"start":{"line":443,"column":12},"end":{"line":446,"column":14}},"106":{"start":{"line":444,"column":35},"end":{"line":444,"column":59}},"107":{"start":{"line":444,"column":41},"end":{"line":444,"column":59}},"108":{"start":{"line":445,"column":16},"end":{"line":445,"column":60}},"109":{"start":{"line":449,"column":8},"end":{"line":449,"column":20}},"110":{"start":{"line":454,"column":30},"end":{"line":454,"column":42}},"111":{"start":{"line":455,"column":8},"end":{"line":455,"column":37}},"112":{"start":{"line":457,"column":8},"end":{"line":468,"column":11}},"113":{"start":{"line":458,"column":12},"end":{"line":458,"column":36}},"114":{"start":{"line":459,"column":27},"end":{"line":459,"column":48}},"115":{"start":{"line":461,"column":12},"end":{"line":467,"column":14}},"116":{"start":{"line":462,"column":16},"end":{"line":466,"column":null}},"117":{"start":{"line":463,"column":20},"end":{"line":463,"column":48}},"118":{"start":{"line":465,"column":20},"end":{"line":465,"column":46}},"119":{"start":{"line":254,"column":0},"end":{"line":254,"column":13}}},"fnMap":{"0":{"name":"(anonymous_6)","decl":{"start":{"line":216,"column":4},"end":{"line":216,"column":16}},"loc":{"start":{"line":217,"column":115},"end":{"line":221,"column":5}}},"1":{"name":"(anonymous_7)","decl":{"start":{"line":228,"column":4},"end":{"line":228,"column":16}},"loc":{"start":{"line":228,"column":58},"end":{"line":231,"column":5}}},"2":{"name":"(anonymous_8)","decl":{"start":{"line":233,"column":17},"end":{"line":233,"column":28}},"loc":{"start":{"line":233,"column":56},"end":{"line":251,"column":null}}},"3":{"name":"(anonymous_10)","decl":{"start":{"line":262,"column":4},"end":{"line":262,"column":16}},"loc":{"start":{"line":262,"column":90},"end":{"line":273,"column":5}}},"4":{"name":"(anonymous_11)","decl":{"start":{"line":267,"column":38},"end":{"line":267,"column":39}},"loc":{"start":{"line":267,"column":94},"end":{"line":272,"column":9}}},"5":{"name":"(anonymous_12)","decl":{"start":{"line":275,"column":11},"end":{"line":275,"column":16}},"loc":{"start":{"line":275,"column":16},"end":{"line":281,"column":5}}},"6":{"name":"(anonymous_13)","decl":{"start":{"line":278,"column":32},"end":{"line":278,"column":33}},"loc":{"start":{"line":278,"column":64},"end":{"line":278,"column":93}}},"7":{"name":"(anonymous_14)","decl":{"start":{"line":283,"column":11},"end":{"line":283,"column":22}},"loc":{"start":{"line":283,"column":62},"end":{"line":285,"column":5}}},"8":{"name":"(anonymous_15)","decl":{"start":{"line":287,"column":11},"end":{"line":287,"column":22}},"loc":{"start":{"line":287,"column":52},"end":{"line":289,"column":5}}},"9":{"name":"(anonymous_16)","decl":{"start":{"line":291,"column":11},"end":{"line":291,"column":14}},"loc":{"start":{"line":291,"column":80},"end":{"line":294,"column":5}}},"10":{"name":"(anonymous_17)","decl":{"start":{"line":296,"column":11},"end":{"line":296,"column":16}},"loc":{"start":{"line":296,"column":16},"end":{"line":300,"column":5}}},"11":{"name":"(anonymous_18)","decl":{"start":{"line":298,"column":42},"end":{"line":298,"column":43}},"loc":{"start":{"line":298,"column":57},"end":{"line":298,"column":77}}},"12":{"name":"(anonymous_19)","decl":{"start":{"line":304,"column":11},"end":{"line":304,"column":16}},"loc":{"start":{"line":304,"column":102},"end":{"line":309,"column":5}}},"13":{"name":"(anonymous_20)","decl":{"start":{"line":311,"column":11},"end":{"line":311,"column":20}},"loc":{"start":{"line":314,"column":51},"end":{"line":331,"column":5}}},"14":{"name":"(anonymous_21)","decl":{"start":{"line":321,"column":38},"end":{"line":321,"column":39}},"loc":{"start":{"line":321,"column":50},"end":{"line":328,"column":9}}},"15":{"name":"(anonymous_22)","decl":{"start":{"line":322,"column":24},"end":{"line":322,"column":25}},"loc":{"start":{"line":322,"column":56},"end":{"line":327,"column":13}}},"16":{"name":"(anonymous_23)","decl":{"start":{"line":333,"column":11},"end":{"line":333,"column":26}},"loc":{"start":{"line":333,"column":26},"end":{"line":347,"column":5}}},"17":{"name":"(anonymous_24)","decl":{"start":{"line":337,"column":37},"end":{"line":337,"column":44}},"loc":{"start":{"line":337,"column":70},"end":{"line":340,"column":10}}},"18":{"name":"(anonymous_25)","decl":{"start":{"line":337,"column":70},"end":{"line":337,"column":null}},"loc":{"start":{"line":337,"column":70},"end":{"line":340,"column":9}}},"19":{"name":"(anonymous_26)","decl":{"start":{"line":342,"column":37},"end":{"line":342,"column":44}},"loc":{"start":{"line":342,"column":70},"end":{"line":345,"column":10}}},"20":{"name":"(anonymous_27)","decl":{"start":{"line":342,"column":70},"end":{"line":342,"column":null}},"loc":{"start":{"line":342,"column":70},"end":{"line":345,"column":9}}},"21":{"name":"(anonymous_28)","decl":{"start":{"line":349,"column":11},"end":{"line":349,"column":32}},"loc":{"start":{"line":349,"column":60},"end":{"line":373,"column":5}}},"22":{"name":"(anonymous_29)","decl":{"start":{"line":357,"column":37},"end":{"line":357,"column":46}},"loc":{"start":{"line":357,"column":48},"end":{"line":370,"column":10}}},"23":{"name":"(anonymous_30)","decl":{"start":{"line":357,"column":48},"end":{"line":357,"column":null}},"loc":{"start":{"line":357,"column":48},"end":{"line":370,"column":9}}},"24":{"name":"(anonymous_31)","decl":{"start":{"line":364,"column":39},"end":{"line":364,"column":46}},"loc":{"start":{"line":364,"column":61},"end":{"line":369,"column":14}}},"25":{"name":"(anonymous_32)","decl":{"start":{"line":364,"column":61},"end":{"line":364,"column":null}},"loc":{"start":{"line":364,"column":61},"end":{"line":369,"column":13}}},"26":{"name":"(anonymous_33)","decl":{"start":{"line":375,"column":11},"end":{"line":375,"column":26}},"loc":{"start":{"line":375,"column":67},"end":{"line":389,"column":5}}},"27":{"name":"(anonymous_34)","decl":{"start":{"line":381,"column":37},"end":{"line":381,"column":46}},"loc":{"start":{"line":381,"column":48},"end":{"line":386,"column":10}}},"28":{"name":"(anonymous_35)","decl":{"start":{"line":381,"column":48},"end":{"line":381,"column":null}},"loc":{"start":{"line":381,"column":48},"end":{"line":386,"column":9}}},"29":{"name":"(anonymous_36)","decl":{"start":{"line":391,"column":11},"end":{"line":391,"column":14}},"loc":{"start":{"line":393,"column":45},"end":{"line":398,"column":5}}},"30":{"name":"(anonymous_37)","decl":{"start":{"line":400,"column":11},"end":{"line":400,"column":18}},"loc":{"start":{"line":403,"column":49},"end":{"line":416,"column":5}}},"31":{"name":"(anonymous_38)","decl":{"start":{"line":412,"column":32},"end":{"line":412,"column":33}},"loc":{"start":{"line":412,"column":39},"end":{"line":412,"column":82}}},"32":{"name":"(anonymous_39)","decl":{"start":{"line":418,"column":11},"end":{"line":418,"column":24}},"loc":{"start":{"line":419,"column":64},"end":{"line":432,"column":5}}},"33":{"name":"(anonymous_40)","decl":{"start":{"line":420,"column":17},"end":{"line":420,"column":18}},"loc":{"start":{"line":420,"column":54},"end":{"line":429,"column":9}}},"34":{"name":"(anonymous_41)","decl":{"start":{"line":426,"column":19},"end":{"line":426,"column":26}},"loc":{"start":{"line":426,"column":57},"end":{"line":428,"column":14}}},"35":{"name":"(anonymous_42)","decl":{"start":{"line":426,"column":57},"end":{"line":426,"column":null}},"loc":{"start":{"line":426,"column":57},"end":{"line":428,"column":13}}},"36":{"name":"(anonymous_43)","decl":{"start":{"line":434,"column":11},"end":{"line":434,"column":14}},"loc":{"start":{"line":434,"column":39},"end":{"line":438,"column":5}}},"37":{"name":"(anonymous_44)","decl":{"start":{"line":435,"column":17},"end":{"line":435,"column":20}},"loc":{"start":{"line":435,"column":23},"end":{"line":435,"column":30}}},"38":{"name":"(anonymous_45)","decl":{"start":{"line":440,"column":11},"end":{"line":440,"column":18}},"loc":{"start":{"line":441,"column":93},"end":{"line":450,"column":5}}},"39":{"name":"(anonymous_46)","decl":{"start":{"line":442,"column":17},"end":{"line":442,"column":18}},"loc":{"start":{"line":442,"column":43},"end":{"line":447,"column":9}}},"40":{"name":"(anonymous_47)","decl":{"start":{"line":443,"column":19},"end":{"line":443,"column":20}},"loc":{"start":{"line":443,"column":51},"end":{"line":446,"column":13}}},"41":{"name":"(anonymous_48)","decl":{"start":{"line":444,"column":35},"end":{"line":444,"column":38}},"loc":{"start":{"line":444,"column":41},"end":{"line":444,"column":59}}},"42":{"name":"(anonymous_49)","decl":{"start":{"line":452,"column":11},"end":{"line":452,"column":18}},"loc":{"start":{"line":453,"column":83},"end":{"line":469,"column":5}}},"43":{"name":"(anonymous_50)","decl":{"start":{"line":457,"column":24},"end":{"line":457,"column":25}},"loc":{"start":{"line":457,"column":50},"end":{"line":468,"column":9}}},"44":{"name":"(anonymous_51)","decl":{"start":{"line":461,"column":19},"end":{"line":461,"column":20}},"loc":{"start":{"line":461,"column":51},"end":{"line":467,"column":13}}}},"branchMap":{"0":{"loc":{"start":{"line":217,"column":111},"end":{"line":217,"column":115}},"type":"default-arg","locations":[{"start":{"line":217,"column":111},"end":{"line":217,"column":115}}]},"1":{"loc":{"start":{"line":237,"column":12},"end":{"line":247,"column":null}},"type":"if","locations":[{"start":{"line":237,"column":12},"end":{"line":247,"column":null}},{"start":{"line":237,"column":12},"end":{"line":247,"column":null}}]},"2":{"loc":{"start":{"line":238,"column":16},"end":{"line":246,"column":null}},"type":"if","locations":[{"start":{"line":238,"column":16},"end":{"line":246,"column":null}},{"start":{"line":238,"column":16},"end":{"line":246,"column":null}}]},"3":{"loc":{"start":{"line":241,"column":20},"end":{"line":243,"column":null}},"type":"if","locations":[{"start":{"line":241,"column":20},"end":{"line":243,"column":null}},{"start":{"line":241,"column":20},"end":{"line":243,"column":null}}]},"4":{"loc":{"start":{"line":365,"column":16},"end":{"line":368,"column":null}},"type":"if","locations":[{"start":{"line":365,"column":16},"end":{"line":368,"column":null}},{"start":{"line":365,"column":16},"end":{"line":368,"column":null}}]},"5":{"loc":{"start":{"line":376,"column":19},"end":{"line":376,"column":27}},"type":"binary-expr","locations":[{"start":{"line":376,"column":19},"end":{"line":376,"column":27}},{"start":{"line":376,"column":31},"end":{"line":376,"column":50}}]},"6":{"loc":{"start":{"line":408,"column":8},"end":{"line":410,"column":null}},"type":"if","locations":[{"start":{"line":408,"column":8},"end":{"line":410,"column":null}},{"start":{"line":408,"column":8},"end":{"line":410,"column":null}}]},"7":{"loc":{"start":{"line":462,"column":16},"end":{"line":466,"column":null}},"type":"if","locations":[{"start":{"line":462,"column":16},"end":{"line":466,"column":null}},{"start":{"line":462,"column":16},"end":{"line":466,"column":null}}]}},"s":{"0":6,"1":6,"2":6,"3":6,"4":6,"5":6,"6":6,"7":6,"8":7,"9":7,"10":8,"11":8,"12":5,"13":0,"14":0,"15":0,"16":5,"17":2,"18":20,"19":20,"20":20,"21":20,"22":20,"23":0,"24":0,"25":0,"26":0,"27":8,"28":8,"29":0,"30":8,"31":1,"32":1,"33":25,"34":25,"35":18,"36":18,"37":25,"38":18,"39":3,"40":3,"41":3,"42":3,"43":3,"44":4,"45":4,"46":4,"47":4,"48":3,"49":0,"50":0,"51":0,"52":0,"53":0,"54":0,"55":0,"56":0,"57":0,"58":0,"59":0,"60":0,"61":0,"62":0,"63":0,"64":0,"65":0,"66":0,"67":0,"68":0,"69":0,"70":0,"71":0,"72":0,"73":0,"74":1,"75":1,"76":1,"77":1,"78":1,"79":1,"80":1,"81":1,"82":1,"83":1,"84":3,"85":6,"86":6,"87":6,"88":6,"89":5,"90":6,"91":7,"92":6,"93":6,"94":7,"95":7,"96":7,"97":7,"98":8,"99":8,"100":7,"101":12,"102":12,"103":12,"104":2,"105":2,"106":2,"107":2,"108":2,"109":2,"110":2,"111":2,"112":2,"113":2,"114":2,"115":2,"116":2,"117":1,"118":1,"119":6},"f":{"0":6,"1":6,"2":7,"3":20,"4":0,"5":8,"6":0,"7":1,"8":1,"9":25,"10":18,"11":25,"12":3,"13":3,"14":3,"15":4,"16":0,"17":0,"18":0,"19":0,"20":0,"21":0,"22":0,"23":0,"24":0,"25":0,"26":1,"27":1,"28":1,"29":3,"30":6,"31":7,"32":7,"33":7,"34":8,"35":8,"36":12,"37":12,"38":2,"39":2,"40":2,"41":2,"42":2,"43":2,"44":2},"b":{"0":[0],"1":[5,3],"2":[0,5],"3":[0,0],"4":[0,0],"5":[1,1],"6":[5,1],"7":[1,1]}}
,"C:\\code\\scaffold\\src\\service-collection.ts": {"path":"C:\\code\\scaffold\\src\\service-collection.ts","statementMap":{"0":{"start":{"line":1,"column":0},"end":{"line":1,"column":69}},"1":{"start":{"line":2,"column":0},"end":{"line":2,"column":76}},"2":{"start":{"line":67,"column":8},"end":{"line":67,"column":72}},"3":{"start":{"line":71,"column":8},"end":{"line":71,"column":105}},"4":{"start":{"line":75,"column":8},"end":{"line":75,"column":102}},"5":{"start":{"line":79,"column":8},"end":{"line":79,"column":105}},"6":{"start":{"line":83,"column":8},"end":{"line":83,"column":54}},"7":{"start":{"line":83,"column":45},"end":{"line":83,"column":52}},"8":{"start":{"line":63,"column":0},"end":{"line":63,"column":13}}},"fnMap":{"0":{"name":"(anonymous_0)","decl":{"start":{"line":66,"column":4},"end":{"line":66,"column":null}},"loc":{"start":{"line":66,"column":4},"end":{"line":68,"column":5}}},"1":{"name":"(anonymous_1)","decl":{"start":{"line":70,"column":11},"end":{"line":70,"column":23}},"loc":{"start":{"line":70,"column":71},"end":{"line":72,"column":5}}},"2":{"name":"(anonymous_2)","decl":{"start":{"line":74,"column":11},"end":{"line":74,"column":20}},"loc":{"start":{"line":74,"column":68},"end":{"line":76,"column":5}}},"3":{"name":"(anonymous_3)","decl":{"start":{"line":78,"column":11},"end":{"line":78,"column":23}},"loc":{"start":{"line":78,"column":71},"end":{"line":80,"column":5}}},"4":{"name":"(anonymous_4)","decl":{"start":{"line":82,"column":11},"end":{"line":82,"column":20}},"loc":{"start":{"line":82,"column":70},"end":{"line":84,"column":5}}},"5":{"name":"(anonymous_5)","decl":{"start":{"line":83,"column":39},"end":{"line":83,"column":42}},"loc":{"start":{"line":83,"column":45},"end":{"line":83,"column":52}}}},"branchMap":{},"s":{"0":2,"1":2,"2":8,"3":4,"4":1,"5":4,"6":1,"7":1,"8":2},"f":{"0":8,"1":4,"2":1,"3":4,"4":1,"5":1},"b":{}}
,"C:\\code\\scaffold\\src\\fetch\\fetch-context.ts": {"path":"C:\\code\\scaffold\\src\\fetch\\fetch-context.ts","statementMap":{"0":{"start":{"line":2,"column":0},"end":{"line":2,"column":39}},"1":{"start":{"line":12,"column":8},"end":{"line":12,"column":42}},"2":{"start":{"line":13,"column":8},"end":{"line":13,"column":62}},"3":{"start":{"line":14,"column":8},"end":{"line":14,"column":32}},"4":{"start":{"line":15,"column":8},"end":{"line":15,"column":53}},"5":{"start":{"line":16,"column":8},"end":{"line":16,"column":29}},"6":{"start":{"line":20,"column":8},"end":{"line":20,"column":62}},"7":{"start":{"line":4,"column":0},"end":{"line":4,"column":13}}},"fnMap":{"0":{"name":"(anonymous_0)","decl":{"start":{"line":11,"column":4},"end":{"line":11,"column":16}},"loc":{"start":{"line":11,"column":68},"end":{"line":17,"column":5}}},"1":{"name":"(anonymous_1)","decl":{"start":{"line":19,"column":11},"end":{"line":19,"column":14}},"loc":{"start":{"line":19,"column":50},"end":{"line":21,"column":5}}}},"branchMap":{},"s":{"0":6,"1":14,"2":14,"3":14,"4":14,"5":14,"6":4,"7":6},"f":{"0":14,"1":4},"b":{}}
,"C:\\code\\scaffold\\src\\fetch\\log-entry.ts": {"path":"C:\\code\\scaffold\\src\\fetch\\log-entry.ts","statementMap":{"0":{"start":{"line":8,"column":8},"end":{"line":8,"column":33}},"1":{"start":{"line":9,"column":8},"end":{"line":9,"column":31}},"2":{"start":{"line":3,"column":0},"end":{"line":3,"column":13}}},"fnMap":{"0":{"name":"(anonymous_0)","decl":{"start":{"line":7,"column":4},"end":{"line":7,"column":16}},"loc":{"start":{"line":7,"column":51},"end":{"line":10,"column":5}}}},"branchMap":{},"s":{"0":4,"1":4,"2":6},"f":{"0":4},"b":{}}
,"C:\\code\\scaffold\\src\\hosting\\application-lifetime.ts": {"path":"C:\\code\\scaffold\\src\\hosting\\application-lifetime.ts","statementMap":{"0":{"start":{"line":2,"column":0},"end":{"line":2,"column":76}},"1":{"start":{"line":12,"column":8},"end":{"line":12,"column":58}},"2":{"start":{"line":13,"column":8},"end":{"line":13,"column":57}},"3":{"start":{"line":15,"column":8},"end":{"line":15,"column":57}},"4":{"start":{"line":16,"column":8},"end":{"line":16,"column":56}},"5":{"start":{"line":4,"column":0},"end":{"line":4,"column":13}}},"fnMap":{"0":{"name":"(anonymous_0)","decl":{"start":{"line":11,"column":4},"end":{"line":11,"column":null}},"loc":{"start":{"line":11,"column":4},"end":{"line":17,"column":5}}}},"branchMap":{},"s":{"0":1,"1":1,"2":1,"3":1,"4":1,"5":1},"f":{"0":1},"b":{}}
,"C:\\code\\scaffold\\src\\logging\\default-logger.ts": {"path":"C:\\code\\scaffold\\src\\logging\\default-logger.ts","statementMap":{"0":{"start":{"line":1,"column":0},"end":{"line":1,"column":52}},"1":{"start":{"line":4,"column":13},"end":{"line":4,"column":21}},"2":{"start":{"line":7,"column":11},"end":{"line":7,"column":46}},"3":{"start":{"line":11,"column":8},"end":{"line":11,"column":42}},"4":{"start":{"line":13,"column":8},"end":{"line":13,"column":44}},"5":{"start":{"line":15,"column":8},"end":{"line":15,"column":44}},"6":{"start":{"line":17,"column":8},"end":{"line":17,"column":46}},"7":{"start":{"line":19,"column":8},"end":{"line":19,"column":46}},"8":{"start":{"line":21,"column":8},"end":{"line":21,"column":64}},"9":{"start":{"line":23,"column":8},"end":{"line":23,"column":52}},"10":{"start":{"line":27,"column":8},"end":{"line":27,"column":47}},"11":{"start":{"line":31,"column":8},"end":{"line":31,"column":46}},"12":{"start":{"line":35,"column":8},"end":{"line":35,"column":46}},"13":{"start":{"line":39,"column":8},"end":{"line":42,"column":null}},"14":{"start":{"line":41,"column":12},"end":{"line":41,"column":33}},"15":{"start":{"line":46,"column":8},"end":{"line":49,"column":null}},"16":{"start":{"line":48,"column":12},"end":{"line":48,"column":34}},"17":{"start":{"line":53,"column":8},"end":{"line":56,"column":null}},"18":{"start":{"line":55,"column":12},"end":{"line":55,"column":34}},"19":{"start":{"line":61,"column":8},"end":{"line":61,"column":31}},"20":{"start":{"line":65,"column":22},"end":{"line":65,"column":50}},"21":{"start":{"line":67,"column":8},"end":{"line":73,"column":null}},"22":{"start":{"line":69,"column":12},"end":{"line":69,"column":49}},"23":{"start":{"line":72,"column":12},"end":{"line":72,"column":66}},"24":{"start":{"line":77,"column":22},"end":{"line":77,"column":50}},"25":{"start":{"line":79,"column":8},"end":{"line":85,"column":null}},"26":{"start":{"line":81,"column":12},"end":{"line":81,"column":58}},"27":{"start":{"line":84,"column":12},"end":{"line":84,"column":75}},"28":{"start":{"line":90,"column":8},"end":{"line":90,"column":27}},"29":{"start":{"line":94,"column":20},"end":{"line":94,"column":40}},"30":{"start":{"line":96,"column":8},"end":{"line":107,"column":null}},"31":{"start":{"line":98,"column":16},"end":{"line":98,"column":22}},"32":{"start":{"line":100,"column":16},"end":{"line":100,"column":53}},"33":{"start":{"line":101,"column":16},"end":{"line":101,"column":22}},"34":{"start":{"line":103,"column":16},"end":{"line":103,"column":53}},"35":{"start":{"line":104,"column":16},"end":{"line":104,"column":22}},"36":{"start":{"line":106,"column":16},"end":{"line":106,"column":53}},"37":{"start":{"line":109,"column":8},"end":{"line":109,"column":21}},"38":{"start":{"line":6,"column":0},"end":{"line":6,"column":13}}},"fnMap":{"0":{"name":"(anonymous_0)","decl":{"start":{"line":4,"column":13},"end":{"line":4,"column":16}},"loc":{"start":{"line":4,"column":18},"end":{"line":4,"column":21}}},"1":{"name":"(anonymous_1)","decl":{"start":{"line":9,"column":4},"end":{"line":9,"column":null}},"loc":{"start":{"line":9,"column":4},"end":{"line":24,"column":5}}},"2":{"name":"(anonymous_2)","decl":{"start":{"line":26,"column":4},"end":{"line":26,"column":15}},"loc":{"start":{"line":26,"column":22},"end":{"line":28,"column":5}}},"3":{"name":"(anonymous_3)","decl":{"start":{"line":30,"column":4},"end":{"line":30,"column":15}},"loc":{"start":{"line":30,"column":21},"end":{"line":32,"column":5}}},"4":{"name":"(anonymous_4)","decl":{"start":{"line":34,"column":4},"end":{"line":34,"column":15}},"loc":{"start":{"line":34,"column":21},"end":{"line":36,"column":5}}},"5":{"name":"(anonymous_5)","decl":{"start":{"line":38,"column":11},"end":{"line":38,"column":16}},"loc":{"start":{"line":38,"column":32},"end":{"line":43,"column":5}}},"6":{"name":"(anonymous_6)","decl":{"start":{"line":45,"column":11},"end":{"line":45,"column":15}},"loc":{"start":{"line":45,"column":31},"end":{"line":50,"column":5}}},"7":{"name":"(anonymous_7)","decl":{"start":{"line":52,"column":11},"end":{"line":52,"column":15}},"loc":{"start":{"line":52,"column":31},"end":{"line":57,"column":5}}},"8":{"name":"(anonymous_8)","decl":{"start":{"line":59,"column":11},"end":{"line":59,"column":16}},"loc":{"start":{"line":59,"column":32},"end":{"line":62,"column":5}}},"9":{"name":"(anonymous_9)","decl":{"start":{"line":64,"column":11},"end":{"line":64,"column":16}},"loc":{"start":{"line":64,"column":89},"end":{"line":74,"column":5}}},"10":{"name":"(anonymous_10)","decl":{"start":{"line":76,"column":11},"end":{"line":76,"column":25}},"loc":{"start":{"line":76,"column":98},"end":{"line":86,"column":5}}},"11":{"name":"(anonymous_11)","decl":{"start":{"line":88,"column":11},"end":{"line":88,"column":19}},"loc":{"start":{"line":88,"column":19},"end":{"line":91,"column":5}}},"12":{"name":"(anonymous_12)","decl":{"start":{"line":93,"column":12},"end":{"line":93,"column":25}},"loc":{"start":{"line":93,"column":44},"end":{"line":110,"column":5}}}},"branchMap":{"0":{"loc":{"start":{"line":11,"column":22},"end":{"line":11,"column":33}},"type":"binary-expr","locations":[{"start":{"line":11,"column":22},"end":{"line":11,"column":33}},{"start":{"line":11,"column":37},"end":{"line":11,"column":41}}]},"1":{"loc":{"start":{"line":13,"column":23},"end":{"line":13,"column":35}},"type":"binary-expr","locations":[{"start":{"line":13,"column":23},"end":{"line":13,"column":35}},{"start":{"line":13,"column":39},"end":{"line":13,"column":43}}]},"2":{"loc":{"start":{"line":15,"column":23},"end":{"line":15,"column":35}},"type":"binary-expr","locations":[{"start":{"line":15,"column":23},"end":{"line":15,"column":35}},{"start":{"line":15,"column":39},"end":{"line":15,"column":43}}]},"3":{"loc":{"start":{"line":17,"column":24},"end":{"line":17,"column":37}},"type":"binary-expr","locations":[{"start":{"line":17,"column":24},"end":{"line":17,"column":37}},{"start":{"line":17,"column":41},"end":{"line":17,"column":45}}]},"4":{"loc":{"start":{"line":19,"column":24},"end":{"line":19,"column":37}},"type":"binary-expr","locations":[{"start":{"line":19,"column":24},"end":{"line":19,"column":37}},{"start":{"line":19,"column":41},"end":{"line":19,"column":45}}]},"5":{"loc":{"start":{"line":21,"column":33},"end":{"line":21,"column":55}},"type":"binary-expr","locations":[{"start":{"line":21,"column":33},"end":{"line":21,"column":55}},{"start":{"line":21,"column":59},"end":{"line":21,"column":63}}]},"6":{"loc":{"start":{"line":23,"column":27},"end":{"line":23,"column":43}},"type":"binary-expr","locations":[{"start":{"line":23,"column":27},"end":{"line":23,"column":43}},{"start":{"line":23,"column":47},"end":{"line":23,"column":51}}]},"7":{"loc":{"start":{"line":39,"column":8},"end":{"line":42,"column":null}},"type":"if","locations":[{"start":{"line":39,"column":8},"end":{"line":42,"column":null}},{"start":{"line":39,"column":8},"end":{"line":42,"column":null}}]},"8":{"loc":{"start":{"line":46,"column":8},"end":{"line":49,"column":null}},"type":"if","locations":[{"start":{"line":46,"column":8},"end":{"line":49,"column":null}},{"start":{"line":46,"column":8},"end":{"line":49,"column":null}}]},"9":{"loc":{"start":{"line":53,"column":8},"end":{"line":56,"column":null}},"type":"if","locations":[{"start":{"line":53,"column":8},"end":{"line":56,"column":null}},{"start":{"line":53,"column":8},"end":{"line":56,"column":null}}]},"10":{"loc":{"start":{"line":64,"column":50},"end":{"line":64,"column":52}},"type":"default-arg","locations":[{"start":{"line":64,"column":50},"end":{"line":64,"column":52}}]},"11":{"loc":{"start":{"line":64,"column":75},"end":{"line":64,"column":89}},"type":"default-arg","locations":[{"start":{"line":64,"column":75},"end":{"line":64,"column":89}}]},"12":{"loc":{"start":{"line":67,"column":8},"end":{"line":73,"column":null}},"type":"if","locations":[{"start":{"line":67,"column":8},"end":{"line":73,"column":null}},{"start":{"line":67,"column":8},"end":{"line":73,"column":null}}]},"13":{"loc":{"start":{"line":76,"column":59},"end":{"line":76,"column":61}},"type":"default-arg","locations":[{"start":{"line":76,"column":59},"end":{"line":76,"column":61}}]},"14":{"loc":{"start":{"line":76,"column":84},"end":{"line":76,"column":98}},"type":"default-arg","locations":[{"start":{"line":76,"column":84},"end":{"line":76,"column":98}}]},"15":{"loc":{"start":{"line":79,"column":8},"end":{"line":85,"column":null}},"type":"if","locations":[{"start":{"line":79,"column":8},"end":{"line":85,"column":null}},{"start":{"line":79,"column":8},"end":{"line":85,"column":null}}]},"16":{"loc":{"start":{"line":97,"column":12},"end":{"line":98,"column":22}},"type":"switch","locations":[{"start":{"line":97,"column":12},"end":{"line":98,"column":22}},{"start":{"line":99,"column":12},"end":{"line":101,"column":22}},{"start":{"line":102,"column":12},"end":{"line":104,"column":22}},{"start":{"line":105,"column":12},"end":{"line":106,"column":53}}]}},"s":{"0":1,"1":1,"2":1,"3":1,"4":1,"5":1,"6":1,"7":1,"8":1,"9":1,"10":1,"11":0,"12":0,"13":1,"14":0,"15":0,"16":0,"17":0,"18":0,"19":0,"20":0,"21":0,"22":0,"23":0,"24":0,"25":0,"26":0,"27":0,"28":0,"29":0,"30":0,"31":0,"32":0,"33":0,"34":0,"35":0,"36":0,"37":0,"38":1},"f":{"0":0,"1":1,"2":1,"3":0,"4":0,"5":1,"6":0,"7":0,"8":0,"9":0,"10":0,"11":0,"12":0},"b":{"0":[1,0],"1":[1,0],"2":[1,0],"3":[1,0],"4":[1,0],"5":[1,0],"6":[1,0],"7":[0,1],"8":[0,0],"9":[0,0],"10":[0],"11":[0],"12":[0,0],"13":[0],"14":[0],"15":[0,0],"16":[0,0,0,0]}}
,"C:\\code\\scaffold\\src\\routing\\route-element.ts": {"path":"C:\\code\\scaffold\\src\\routing\\route-element.ts","statementMap":{"0":{"start":{"line":1,"column":30},"end":{"line":1,"column":55}},"1":{"start":{"line":3,"column":0},"end":{"line":3,"column":null}},"2":{"start":{"line":4,"column":4},"end":{"line":4,"column":null}},"3":{"start":{"line":5,"column":4},"end":{"line":5,"column":null}},"4":{"start":{"line":6,"column":4},"end":{"line":6,"column":null}},"5":{"start":{"line":7,"column":4},"end":{"line":7,"column":null}},"6":{"start":{"line":15,"column":8},"end":{"line":35,"column":null}},"7":{"start":{"line":16,"column":28},"end":{"line":16,"column":53}},"8":{"start":{"line":17,"column":12},"end":{"line":17,"column":37}},"9":{"start":{"line":18,"column":12},"end":{"line":18,"column":50}},"10":{"start":{"line":20,"column":12},"end":{"line":20,"column":31}},"11":{"start":{"line":22,"column":12},"end":{"line":34,"column":null}},"12":{"start":{"line":24,"column":20},"end":{"line":24,"column":58}},"13":{"start":{"line":25,"column":20},"end":{"line":25,"column":26}},"14":{"start":{"line":28,"column":20},"end":{"line":28,"column":64}},"15":{"start":{"line":29,"column":20},"end":{"line":29,"column":26}},"16":{"start":{"line":32,"column":20},"end":{"line":32,"column":56}},"17":{"start":{"line":33,"column":20},"end":{"line":33,"column":26}},"18":{"start":{"line":39,"column":8},"end":{"line":41,"column":null}},"19":{"start":{"line":40,"column":12},"end":{"line":40,"column":25}},"20":{"start":{"line":43,"column":8},"end":{"line":43,"column":111}},"21":{"start":{"line":10,"column":0},"end":{"line":10,"column":13}}},"fnMap":{"0":{"name":"(anonymous_0)","decl":{"start":{"line":3,"column":0},"end":{"line":3,"column":12}},"loc":{"start":{"line":3,"column":28},"end":{"line":8,"column":1}}},"1":{"name":"(anonymous_1)","decl":{"start":{"line":14,"column":4},"end":{"line":14,"column":16}},"loc":{"start":{"line":14,"column":29},"end":{"line":36,"column":5}}},"2":{"name":"(anonymous_2)","decl":{"start":{"line":38,"column":11},"end":{"line":38,"column":18}},"loc":{"start":{"line":38,"column":39},"end":{"line":44,"column":5}}}},"branchMap":{"0":{"loc":{"start":{"line":3,"column":12},"end":{"line":3,"column":28}},"type":"binary-expr","locations":[{"start":{"line":3,"column":12},"end":{"line":3,"column":28}},{"start":{"line":3,"column":12},"end":{"line":3,"column":null}}]},"1":{"loc":{"start":{"line":15,"column":8},"end":{"line":35,"column":null}},"type":"if","locations":[{"start":{"line":15,"column":8},"end":{"line":35,"column":null}},{"start":{"line":15,"column":8},"end":{"line":35,"column":null}}]},"2":{"loc":{"start":{"line":23,"column":16},"end":{"line":25,"column":26}},"type":"switch","locations":[{"start":{"line":23,"column":16},"end":{"line":25,"column":26}},{"start":{"line":27,"column":16},"end":{"line":29,"column":26}},{"start":{"line":31,"column":16},"end":{"line":33,"column":26}}]},"3":{"loc":{"start":{"line":39,"column":8},"end":{"line":41,"column":null}},"type":"if","locations":[{"start":{"line":39,"column":8},"end":{"line":41,"column":null}},{"start":{"line":39,"column":8},"end":{"line":41,"column":null}}]},"4":{"loc":{"start":{"line":43,"column":55},"end":{"line":43,"column":103}},"type":"cond-expr","locations":[{"start":{"line":43,"column":55},"end":{"line":43,"column":103}},{"start":{"line":43,"column":106},"end":{"line":43,"column":110}}]}},"s":{"0":7,"1":7,"2":7,"3":7,"4":7,"5":7,"6":55,"7":6,"8":6,"9":6,"10":49,"11":49,"12":7,"13":7,"14":8,"15":8,"16":34,"17":34,"18":78,"19":2,"20":76,"21":7},"f":{"0":7,"1":55,"2":78},"b":{"0":[7,7],"1":[6,49],"2":[7,8,34],"3":[2,76],"4":[61,15]}}
,"C:\\code\\scaffold\\src\\routing\\route-variables.ts": {"path":"C:\\code\\scaffold\\src\\routing\\route-variables.ts","statementMap":{"0":{"start":{"line":9,"column":8},"end":{"line":9,"column":25}},"1":{"start":{"line":10,"column":8},"end":{"line":10,"column":27}},"2":{"start":{"line":11,"column":8},"end":{"line":11,"column":23}},"3":{"start":{"line":3,"column":0},"end":{"line":3,"column":13}}},"fnMap":{"0":{"name":"(anonymous_0)","decl":{"start":{"line":8,"column":4},"end":{"line":8,"column":16}},"loc":{"start":{"line":8,"column":79},"end":{"line":12,"column":5}}}},"branchMap":{},"s":{"0":12,"1":12,"2":12,"3":7},"f":{"0":12},"b":{}}
,"C:\\code\\scaffold\\src\\routing\\route.ts": {"path":"C:\\code\\scaffold\\src\\routing\\route.ts","statementMap":{"0":{"start":{"line":2,"column":0},"end":{"line":2,"column":65}},"1":{"start":{"line":3,"column":0},"end":{"line":3,"column":51}},"2":{"start":{"line":4,"column":0},"end":{"line":4,"column":33}},"3":{"start":{"line":15,"column":8},"end":{"line":18,"column":49}},"4":{"start":{"line":20,"column":8},"end":{"line":20,"column":25}},"5":{"start":{"line":21,"column":8},"end":{"line":21,"column":41}},"6":{"start":{"line":23,"column":8},"end":{"line":23,"column":110}},"7":{"start":{"line":23,"column":77},"end":{"line":23,"column":92}},"8":{"start":{"line":25,"column":8},"end":{"line":25,"column":27}},"9":{"start":{"line":26,"column":8},"end":{"line":26,"column":102}},"10":{"start":{"line":27,"column":8},"end":{"line":27,"column":53}},"11":{"start":{"line":29,"column":8},"end":{"line":29,"column":84}},"12":{"start":{"line":29,"column":43},"end":{"line":29,"column":82}},"13":{"start":{"line":31,"column":8},"end":{"line":33,"column":11}},"14":{"start":{"line":32,"column":12},"end":{"line":32,"column":57}},"15":{"start":{"line":37,"column":8},"end":{"line":39,"column":null}},"16":{"start":{"line":38,"column":12},"end":{"line":38,"column":25}},"17":{"start":{"line":41,"column":20},"end":{"line":41,"column":42}},"18":{"start":{"line":43,"column":8},"end":{"line":45,"column":null}},"19":{"start":{"line":44,"column":12},"end":{"line":44,"column":25}},"20":{"start":{"line":47,"column":34},"end":{"line":47,"column":39}},"21":{"start":{"line":48,"column":25},"end":{"line":48,"column":26}},"22":{"start":{"line":49,"column":25},"end":{"line":49,"column":26}},"23":{"start":{"line":51,"column":8},"end":{"line":74,"column":null}},"24":{"start":{"line":52,"column":28},"end":{"line":52,"column":53}},"25":{"start":{"line":54,"column":12},"end":{"line":73,"column":null}},"26":{"start":{"line":55,"column":16},"end":{"line":65,"column":null}},"27":{"start":{"line":58,"column":20},"end":{"line":58,"column":47}},"28":{"start":{"line":59,"column":20},"end":{"line":59,"column":26}},"29":{"start":{"line":63,"column":20},"end":{"line":63,"column":33}},"30":{"start":{"line":64,"column":20},"end":{"line":64,"column":59}},"31":{"start":{"line":66,"column":19},"end":{"line":73,"column":null}},"32":{"start":{"line":67,"column":16},"end":{"line":67,"column":29}},"33":{"start":{"line":68,"column":19},"end":{"line":73,"column":null}},"34":{"start":{"line":69,"column":16},"end":{"line":69,"column":29}},"35":{"start":{"line":71,"column":16},"end":{"line":71,"column":29}},"36":{"start":{"line":72,"column":16},"end":{"line":72,"column":29}},"37":{"start":{"line":77,"column":8},"end":{"line":81,"column":null}},"38":{"start":{"line":80,"column":12},"end":{"line":80,"column":101}},"39":{"start":{"line":84,"column":8},"end":{"line":105,"column":null}},"40":{"start":{"line":85,"column":12},"end":{"line":87,"column":null}},"41":{"start":{"line":86,"column":16},"end":{"line":86,"column":29}},"42":{"start":{"line":89,"column":12},"end":{"line":93,"column":null}},"43":{"start":{"line":92,"column":16},"end":{"line":92,"column":29}},"44":{"start":{"line":95,"column":38},"end":{"line":95,"column":42}},"45":{"start":{"line":96,"column":12},"end":{"line":102,"column":15}},"46":{"start":{"line":97,"column":30},"end":{"line":97,"column":55}},"47":{"start":{"line":99,"column":16},"end":{"line":101,"column":null}},"48":{"start":{"line":100,"column":20},"end":{"line":100,"column":39}},"49":{"start":{"line":104,"column":12},"end":{"line":104,"column":30}},"50":{"start":{"line":107,"column":8},"end":{"line":107,"column":20}},"51":{"start":{"line":111,"column":20},"end":{"line":111,"column":48}},"52":{"start":{"line":112,"column":26},"end":{"line":112,"column":103}},"53":{"start":{"line":114,"column":25},"end":{"line":114,"column":26}},"54":{"start":{"line":115,"column":25},"end":{"line":115,"column":26}},"55":{"start":{"line":117,"column":8},"end":{"line":140,"column":null}},"56":{"start":{"line":118,"column":28},"end":{"line":118,"column":53}},"57":{"start":{"line":120,"column":12},"end":{"line":132,"column":null}},"58":{"start":{"line":121,"column":16},"end":{"line":131,"column":null}},"59":{"start":{"line":124,"column":20},"end":{"line":124,"column":37}},"60":{"start":{"line":128,"column":20},"end":{"line":128,"column":33}},"61":{"start":{"line":129,"column":20},"end":{"line":129,"column":59}},"62":{"start":{"line":130,"column":20},"end":{"line":130,"column":29}},"63":{"start":{"line":134,"column":12},"end":{"line":136,"column":null}},"64":{"start":{"line":135,"column":16},"end":{"line":135,"column":78}},"65":{"start":{"line":138,"column":12},"end":{"line":138,"column":25}},"66":{"start":{"line":139,"column":12},"end":{"line":139,"column":25}},"67":{"start":{"line":142,"column":8},"end":{"line":144,"column":null}},"68":{"start":{"line":143,"column":12},"end":{"line":143,"column":76}},"69":{"start":{"line":146,"column":8},"end":{"line":152,"column":11}},"70":{"start":{"line":147,"column":12},"end":{"line":151,"column":null}},"71":{"start":{"line":148,"column":30},"end":{"line":148,"column":55}},"72":{"start":{"line":150,"column":16},"end":{"line":150,"column":78}},"73":{"start":{"line":154,"column":8},"end":{"line":154,"column":25}},"74":{"start":{"line":6,"column":0},"end":{"line":6,"column":13}}},"fnMap":{"0":{"name":"(anonymous_0)","decl":{"start":{"line":14,"column":4},"end":{"line":14,"column":16}},"loc":{"start":{"line":14,"column":98},"end":{"line":34,"column":5}}},"1":{"name":"(anonymous_1)","decl":{"start":{"line":23,"column":70},"end":{"line":23,"column":71}},"loc":{"start":{"line":23,"column":77},"end":{"line":23,"column":92}}},"2":{"name":"(anonymous_2)","decl":{"start":{"line":29,"column":36},"end":{"line":29,"column":37}},"loc":{"start":{"line":29,"column":43},"end":{"line":29,"column":82}}},"3":{"name":"(anonymous_3)","decl":{"start":{"line":31,"column":38},"end":{"line":31,"column":39}},"loc":{"start":{"line":31,"column":69},"end":{"line":33,"column":9}}},"4":{"name":"(anonymous_4)","decl":{"start":{"line":36,"column":11},"end":{"line":36,"column":18}},"loc":{"start":{"line":36,"column":36},"end":{"line":108,"column":5}}},"5":{"name":"(anonymous_5)","decl":{"start":{"line":96,"column":31},"end":{"line":96,"column":32}},"loc":{"start":{"line":96,"column":75},"end":{"line":102,"column":13}}},"6":{"name":"(anonymous_6)","decl":{"start":{"line":110,"column":11},"end":{"line":110,"column":23}},"loc":{"start":{"line":110,"column":68},"end":{"line":155,"column":5}}},"7":{"name":"(anonymous_7)","decl":{"start":{"line":146,"column":27},"end":{"line":146,"column":28}},"loc":{"start":{"line":146,"column":71},"end":{"line":152,"column":9}}}},"branchMap":{"0":{"loc":{"start":{"line":26,"column":54},"end":{"line":26,"column":94}},"type":"cond-expr","locations":[{"start":{"line":26,"column":54},"end":{"line":26,"column":94}},{"start":{"line":26,"column":97},"end":{"line":26,"column":101}}]},"1":{"loc":{"start":{"line":37,"column":8},"end":{"line":39,"column":null}},"type":"if","locations":[{"start":{"line":37,"column":8},"end":{"line":39,"column":null}},{"start":{"line":37,"column":8},"end":{"line":39,"column":null}}]},"2":{"loc":{"start":{"line":43,"column":8},"end":{"line":45,"column":null}},"type":"if","locations":[{"start":{"line":43,"column":8},"end":{"line":45,"column":null}},{"start":{"line":43,"column":8},"end":{"line":45,"column":null}}]},"3":{"loc":{"start":{"line":51,"column":15},"end":{"line":51,"column":48}},"type":"binary-expr","locations":[{"start":{"line":51,"column":15},"end":{"line":51,"column":48}},{"start":{"line":51,"column":52},"end":{"line":51,"column":86}}]},"4":{"loc":{"start":{"line":54,"column":12},"end":{"line":73,"column":null}},"type":"if","locations":[{"start":{"line":54,"column":12},"end":{"line":73,"column":null}},{"start":{"line":54,"column":12},"end":{"line":73,"column":null}}]},"5":{"loc":{"start":{"line":55,"column":16},"end":{"line":65,"column":null}},"type":"if","locations":[{"start":{"line":55,"column":16},"end":{"line":65,"column":null}},{"start":{"line":55,"column":16},"end":{"line":65,"column":null}}]},"6":{"loc":{"start":{"line":66,"column":19},"end":{"line":73,"column":null}},"type":"if","locations":[{"start":{"line":66,"column":19},"end":{"line":73,"column":null}},{"start":{"line":66,"column":19},"end":{"line":73,"column":null}}]},"7":{"loc":{"start":{"line":68,"column":19},"end":{"line":73,"column":null}},"type":"if","locations":[{"start":{"line":68,"column":19},"end":{"line":73,"column":null}},{"start":{"line":68,"column":19},"end":{"line":73,"column":null}}]},"8":{"loc":{"start":{"line":68,"column":23},"end":{"line":68,"column":63}},"type":"binary-expr","locations":[{"start":{"line":68,"column":23},"end":{"line":68,"column":63}},{"start":{"line":68,"column":67},"end":{"line":68,"column":84}},{"start":{"line":68,"column":88},"end":{"line":68,"column":107}}]},"9":{"loc":{"start":{"line":77,"column":8},"end":{"line":81,"column":null}},"type":"if","locations":[{"start":{"line":77,"column":8},"end":{"line":81,"column":null}},{"start":{"line":77,"column":8},"end":{"line":81,"column":null}}]},"10":{"loc":{"start":{"line":77,"column":12},"end":{"line":77,"column":32}},"type":"binary-expr","locations":[{"start":{"line":77,"column":12},"end":{"line":77,"column":32}},{"start":{"line":78,"column":15},"end":{"line":78,"column":54}},{"start":{"line":79,"column":15},"end":{"line":79,"column":51}}]},"11":{"loc":{"start":{"line":84,"column":8},"end":{"line":105,"column":null}},"type":"if","locations":[{"start":{"line":84,"column":8},"end":{"line":105,"column":null}},{"start":{"line":84,"column":8},"end":{"line":105,"column":null}}]},"12":{"loc":{"start":{"line":85,"column":12},"end":{"line":87,"column":null}},"type":"if","locations":[{"start":{"line":85,"column":12},"end":{"line":87,"column":null}},{"start":{"line":85,"column":12},"end":{"line":87,"column":null}}]},"13":{"loc":{"start":{"line":85,"column":16},"end":{"line":85,"column":51}},"type":"binary-expr","locations":[{"start":{"line":85,"column":16},"end":{"line":85,"column":51}},{"start":{"line":85,"column":55},"end":{"line":85,"column":91}}]},"14":{"loc":{"start":{"line":89,"column":12},"end":{"line":93,"column":null}},"type":"if","locations":[{"start":{"line":89,"column":12},"end":{"line":93,"column":null}},{"start":{"line":89,"column":12},"end":{"line":93,"column":null}}]},"15":{"loc":{"start":{"line":89,"column":17},"end":{"line":89,"column":35}},"type":"binary-expr","locations":[{"start":{"line":89,"column":17},"end":{"line":89,"column":35}},{"start":{"line":89,"column":39},"end":{"line":89,"column":57}},{"start":{"line":90,"column":20},"end":{"line":90,"column":39}},{"start":{"line":90,"column":43},"end":{"line":90,"column":60}},{"start":{"line":91,"column":20},"end":{"line":91,"column":38}},{"start":{"line":91,"column":42},"end":{"line":91,"column":59}},{"start":{"line":91,"column":63},"end":{"line":91,"column":109}}]},"16":{"loc":{"start":{"line":99,"column":16},"end":{"line":101,"column":null}},"type":"if","locations":[{"start":{"line":99,"column":16},"end":{"line":101,"column":null}},{"start":{"line":99,"column":16},"end":{"line":101,"column":null}}]},"17":{"loc":{"start":{"line":99,"column":20},"end":{"line":99,"column":26}},"type":"binary-expr","locations":[{"start":{"line":99,"column":20},"end":{"line":99,"column":26}},{"start":{"line":99,"column":30},"end":{"line":99,"column":58}}]},"18":{"loc":{"start":{"line":117,"column":15},"end":{"line":117,"column":48}},"type":"binary-expr","locations":[{"start":{"line":117,"column":15},"end":{"line":117,"column":48}},{"start":{"line":117,"column":52},"end":{"line":117,"column":86}}]},"19":{"loc":{"start":{"line":120,"column":12},"end":{"line":132,"column":null}},"type":"if","locations":[{"start":{"line":120,"column":12},"end":{"line":132,"column":null}},{"start":{"line":120,"column":12},"end":{"line":132,"column":null}}]},"20":{"loc":{"start":{"line":121,"column":16},"end":{"line":131,"column":null}},"type":"if","locations":[{"start":{"line":121,"column":16},"end":{"line":131,"column":null}},{"start":{"line":121,"column":16},"end":{"line":131,"column":null}}]},"21":{"loc":{"start":{"line":134,"column":12},"end":{"line":136,"column":null}},"type":"if","locations":[{"start":{"line":134,"column":12},"end":{"line":136,"column":null}},{"start":{"line":134,"column":12},"end":{"line":136,"column":null}}]},"22":{"loc":{"start":{"line":142,"column":8},"end":{"line":144,"column":null}},"type":"if","locations":[{"start":{"line":142,"column":8},"end":{"line":144,"column":null}},{"start":{"line":142,"column":8},"end":{"line":144,"column":null}}]},"23":{"loc":{"start":{"line":142,"column":12},"end":{"line":142,"column":30}},"type":"binary-expr","locations":[{"start":{"line":142,"column":12},"end":{"line":142,"column":30}},{"start":{"line":142,"column":34},"end":{"line":142,"column":87}}]},"24":{"loc":{"start":{"line":147,"column":12},"end":{"line":151,"column":null}},"type":"if","locations":[{"start":{"line":147,"column":12},"end":{"line":151,"column":null}},{"start":{"line":147,"column":12},"end":{"line":151,"column":null}}]}},"s":{"0":7,"1":7,"2":7,"3":26,"4":26,"5":26,"6":26,"7":27,"8":26,"9":26,"10":26,"11":26,"12":42,"13":26,"14":3,"15":48,"16":1,"17":47,"18":47,"19":1,"20":46,"21":46,"22":46,"23":46,"24":76,"25":76,"26":17,"27":6,"28":6,"29":11,"30":11,"31":59,"32":5,"33":54,"34":2,"35":52,"36":52,"37":39,"38":2,"39":39,"40":32,"41":5,"42":27,"43":4,"44":23,"45":23,"46":4,"47":4,"48":3,"49":23,"50":7,"51":12,"52":12,"53":12,"54":12,"55":12,"56":20,"57":20,"58":5,"59":1,"60":4,"61":4,"62":4,"63":15,"64":7,"65":15,"66":15,"67":11,"68":2,"69":11,"70":8,"71":4,"72":4,"73":11,"74":7},"f":{"0":26,"1":27,"2":42,"3":3,"4":48,"5":4,"6":12,"7":8},"b":{"0":[9,17],"1":[1,47],"2":[1,46],"3":[109,81],"4":[17,59],"5":[6,11],"6":[5,54],"7":[2,52],"8":[54,31,16],"9":[2,37],"10":[39,33,2],"11":[32,7],"12":[5,27],"13":[32,28],"14":[4,23],"15":[27,15,26,12,26,14,14],"16":[3,1],"17":[4,2],"18":[31,20],"19":[5,15],"20":[1,4],"21":[7,8],"22":[2,9],"23":[11,6],"24":[4,4]}}
,"C:\\code\\scaffold\\src\\routing\\url-ex.ts": {"path":"C:\\code\\scaffold\\src\\routing\\url-ex.ts","statementMap":{"0":{"start":{"line":6,"column":8},"end":{"line":6,"column":25}},"1":{"start":{"line":2,"column":11},"end":{"line":2,"column":38}},"2":{"start":{"line":3,"column":11},"end":{"line":3,"column":37}},"3":{"start":{"line":8,"column":8},"end":{"line":8,"column":102}},"4":{"start":{"line":8,"column":65},"end":{"line":8,"column":66}},"5":{"start":{"line":8,"column":79},"end":{"line":8,"column":100}},"6":{"start":{"line":10,"column":8},"end":{"line":19,"column":null}},"7":{"start":{"line":11,"column":32},"end":{"line":11,"column":75}},"8":{"start":{"line":13,"column":12},"end":{"line":18,"column":null}},"9":{"start":{"line":14,"column":31},"end":{"line":14,"column":74}},"10":{"start":{"line":14,"column":65},"end":{"line":14,"column":73}},"11":{"start":{"line":16,"column":16},"end":{"line":16,"column":72}},"12":{"start":{"line":17,"column":16},"end":{"line":17,"column":47}},"13":{"start":{"line":1,"column":0},"end":{"line":1,"column":13}}},"fnMap":{"0":{"name":"(anonymous_0)","decl":{"start":{"line":5,"column":4},"end":{"line":5,"column":16}},"loc":{"start":{"line":5,"column":60},"end":{"line":20,"column":5}}},"1":{"name":"(anonymous_1)","decl":{"start":{"line":8,"column":58},"end":{"line":8,"column":59}},"loc":{"start":{"line":8,"column":65},"end":{"line":8,"column":66}}},"2":{"name":"(anonymous_2)","decl":{"start":{"line":8,"column":72},"end":{"line":8,"column":73}},"loc":{"start":{"line":8,"column":79},"end":{"line":8,"column":100}}},"3":{"name":"(anonymous_3)","decl":{"start":{"line":14,"column":58},"end":{"line":14,"column":59}},"loc":{"start":{"line":14,"column":65},"end":{"line":14,"column":73}}}},"branchMap":{"0":{"loc":{"start":{"line":10,"column":8},"end":{"line":19,"column":null}},"type":"if","locations":[{"start":{"line":10,"column":8},"end":{"line":19,"column":null}},{"start":{"line":10,"column":8},"end":{"line":19,"column":null}}]},"1":{"loc":{"start":{"line":13,"column":12},"end":{"line":18,"column":null}},"type":"if","locations":[{"start":{"line":13,"column":12},"end":{"line":18,"column":null}},{"start":{"line":13,"column":12},"end":{"line":18,"column":null}}]}},"s":{"0":85,"1":85,"2":85,"3":85,"4":255,"5":167,"6":85,"7":82,"8":82,"9":38,"10":76,"11":38,"12":38,"13":7},"f":{"0":85,"1":255,"2":167,"3":76},"b":{"0":[82,3],"1":[38,44]}}
,"C:\\code\\scaffold\\src\\service-collection\\event-token-source.ts": {"path":"C:\\code\\scaffold\\src\\service-collection\\event-token-source.ts","statementMap":{"0":{"start":{"line":2,"column":0},"end":{"line":2,"column":43}},"1":{"start":{"line":11,"column":8},"end":{"line":11,"column":27}},"2":{"start":{"line":12,"column":8},"end":{"line":12,"column":30}},"3":{"start":{"line":13,"column":8},"end":{"line":13,"column":51}},"4":{"start":{"line":17,"column":8},"end":{"line":29,"column":null}},"5":{"start":{"line":18,"column":12},"end":{"line":18,"column":33}},"6":{"start":{"line":20,"column":12},"end":{"line":28,"column":16}},"7":{"start":{"line":20,"column":66},"end":{"line":28,"column":14}},"8":{"start":{"line":21,"column":16},"end":{"line":27,"column":null}},"9":{"start":{"line":22,"column":20},"end":{"line":22,"column":36}},"10":{"start":{"line":24,"column":20},"end":{"line":26,"column":null}},"11":{"start":{"line":25,"column":24},"end":{"line":25,"column":40}},"12":{"start":{"line":4,"column":0},"end":{"line":4,"column":13}}},"fnMap":{"0":{"name":"(anonymous_6)","decl":{"start":{"line":10,"column":4},"end":{"line":10,"column":null}},"loc":{"start":{"line":10,"column":4},"end":{"line":14,"column":5}}},"1":{"name":"(anonymous_7)","decl":{"start":{"line":16,"column":17},"end":{"line":16,"column":21}},"loc":{"start":{"line":16,"column":38},"end":{"line":30,"column":null}}},"2":{"name":"(anonymous_9)","decl":{"start":{"line":20,"column":48},"end":{"line":20,"column":55}},"loc":{"start":{"line":20,"column":66},"end":{"line":28,"column":14}}},"3":{"name":"(anonymous_10)","decl":{"start":{"line":20,"column":66},"end":{"line":20,"column":null}},"loc":{"start":{"line":20,"column":66},"end":{"line":28,"column":13}}}},"branchMap":{"0":{"loc":{"start":{"line":17,"column":8},"end":{"line":29,"column":null}},"type":"if","locations":[{"start":{"line":17,"column":8},"end":{"line":29,"column":null}},{"start":{"line":17,"column":8},"end":{"line":29,"column":null}}]},"1":{"loc":{"start":{"line":24,"column":20},"end":{"line":26,"column":null}},"type":"if","locations":[{"start":{"line":24,"column":20},"end":{"line":26,"column":null}},{"start":{"line":24,"column":20},"end":{"line":26,"column":null}}]}},"s":{"0":2,"1":6,"2":6,"3":6,"4":6,"5":5,"6":5,"7":5,"8":5,"9":5,"10":2,"11":1,"12":2},"f":{"0":6,"1":6,"2":5,"3":5},"b":{"0":[5,1],"1":[1,1]}}
,"C:\\code\\scaffold\\src\\service-collection\\event-token.ts": {"path":"C:\\code\\scaffold\\src\\service-collection\\event-token.ts","statementMap":{"0":{"start":{"line":7,"column":8},"end":{"line":7,"column":33}},"1":{"start":{"line":11,"column":8},"end":{"line":11,"column":36}},"2":{"start":{"line":3,"column":0},"end":{"line":3,"column":13}}},"fnMap":{"0":{"name":"(anonymous_0)","decl":{"start":{"line":6,"column":4},"end":{"line":6,"column":16}},"loc":{"start":{"line":6,"column":74},"end":{"line":8,"column":5}}},"1":{"name":"(anonymous_1)","decl":{"start":{"line":10,"column":11},"end":{"line":10,"column":19}},"loc":{"start":{"line":10,"column":70},"end":{"line":12,"column":5}}}},"branchMap":{},"s":{"0":6,"1":5,"2":2},"f":{"0":6,"1":5},"b":{}}
,"C:\\code\\scaffold\\src\\service-collection\\service-descriptor.ts": {"path":"C:\\code\\scaffold\\src\\service-collection\\service-descriptor.ts","statementMap":{"0":{"start":{"line":9,"column":8},"end":{"line":9,"column":23}},"1":{"start":{"line":10,"column":8},"end":{"line":10,"column":33}},"2":{"start":{"line":11,"column":8},"end":{"line":11,"column":31}},"3":{"start":{"line":3,"column":0},"end":{"line":3,"column":13}}},"fnMap":{"0":{"name":"(anonymous_0)","decl":{"start":{"line":8,"column":4},"end":{"line":8,"column":16}},"loc":{"start":{"line":8,"column":77},"end":{"line":12,"column":5}}}},"branchMap":{},"s":{"0":9,"1":9,"2":9,"3":2},"f":{"0":9},"b":{}}
,"C:\\code\\scaffold\\src\\service-collection\\service-instance-wrapper.ts": {"path":"C:\\code\\scaffold\\src\\service-collection\\service-instance-wrapper.ts","statementMap":{"0":{"start":{"line":8,"column":8},"end":{"line":8,"column":37}},"1":{"start":{"line":9,"column":8},"end":{"line":9,"column":35}},"2":{"start":{"line":15,"column":8},"end":{"line":24,"column":null}},"3":{"start":{"line":16,"column":12},"end":{"line":16,"column":63}},"4":{"start":{"line":18,"column":12},"end":{"line":21,"column":null}},"5":{"start":{"line":19,"column":16},"end":{"line":19,"column":53}},"6":{"start":{"line":20,"column":16},"end":{"line":20,"column":66}},"7":{"start":{"line":23,"column":12},"end":{"line":23,"column":59}},"8":{"start":{"line":26,"column":8},"end":{"line":26,"column":24}},"9":{"start":{"line":3,"column":0},"end":{"line":3,"column":13}}},"fnMap":{"0":{"name":"(anonymous_0)","decl":{"start":{"line":7,"column":4},"end":{"line":7,"column":16}},"loc":{"start":{"line":7,"column":85},"end":{"line":10,"column":5}}},"1":{"name":"(anonymous_1)","decl":{"start":{"line":12,"column":11},"end":{"line":12,"column":22}},"loc":{"start":{"line":12,"column":22},"end":{"line":27,"column":5}}}},"branchMap":{"0":{"loc":{"start":{"line":15,"column":8},"end":{"line":24,"column":null}},"type":"if","locations":[{"start":{"line":15,"column":8},"end":{"line":24,"column":null}},{"start":{"line":15,"column":8},"end":{"line":24,"column":null}}]},"1":{"loc":{"start":{"line":18,"column":12},"end":{"line":21,"column":null}},"type":"if","locations":[{"start":{"line":18,"column":12},"end":{"line":21,"column":null}},{"start":{"line":18,"column":12},"end":{"line":21,"column":null}}]}},"s":{"0":9,"1":9,"2":15,"3":12,"4":12,"5":6,"6":6,"7":3,"8":15,"9":2},"f":{"0":9,"1":15},"b":{"0":[12,3],"1":[6,6]}}
,"C:\\code\\scaffold\\src\\service-collection\\service-provider.ts": {"path":"C:\\code\\scaffold\\src\\service-collection\\service-provider.ts","statementMap":{"0":{"start":{"line":1,"column":0},"end":{"line":1,"column":88}},"1":{"start":{"line":2,"column":0},"end":{"line":2,"column":68}},"2":{"start":{"line":11,"column":8},"end":{"line":11,"column":66}},"3":{"start":{"line":12,"column":8},"end":{"line":12,"column":57}},"4":{"start":{"line":13,"column":8},"end":{"line":13,"column":53}},"5":{"start":{"line":15,"column":8},"end":{"line":29,"column":null}},"6":{"start":{"line":16,"column":56},"end":{"line":16,"column":60}},"7":{"start":{"line":18,"column":12},"end":{"line":26,"column":null}},"8":{"start":{"line":20,"column":20},"end":{"line":20,"column":53}},"9":{"start":{"line":21,"column":20},"end":{"line":21,"column":26}},"10":{"start":{"line":24,"column":20},"end":{"line":24,"column":56}},"11":{"start":{"line":25,"column":20},"end":{"line":25,"column":26}},"12":{"start":{"line":28,"column":12},"end":{"line":28,"column":97}},"13":{"start":{"line":33,"column":24},"end":{"line":33,"column":46}},"14":{"start":{"line":35,"column":8},"end":{"line":37,"column":null}},"15":{"start":{"line":36,"column":12},"end":{"line":36,"column":110}},"16":{"start":{"line":39,"column":25},"end":{"line":39,"column":56}},"17":{"start":{"line":41,"column":8},"end":{"line":43,"column":null}},"18":{"start":{"line":42,"column":12},"end":{"line":42,"column":93}},"19":{"start":{"line":45,"column":8},"end":{"line":45,"column":29}},"20":{"start":{"line":4,"column":0},"end":{"line":4,"column":13}}},"fnMap":{"0":{"name":"(anonymous_0)","decl":{"start":{"line":10,"column":4},"end":{"line":10,"column":16}},"loc":{"start":{"line":10,"column":101},"end":{"line":30,"column":5}}},"1":{"name":"(anonymous_1)","decl":{"start":{"line":32,"column":11},"end":{"line":32,"column":22}},"loc":{"start":{"line":32,"column":52},"end":{"line":46,"column":5}}}},"branchMap":{"0":{"loc":{"start":{"line":19,"column":16},"end":{"line":21,"column":26}},"type":"switch","locations":[{"start":{"line":19,"column":16},"end":{"line":21,"column":26}},{"start":{"line":23,"column":16},"end":{"line":25,"column":26}}]},"1":{"loc":{"start":{"line":35,"column":8},"end":{"line":37,"column":null}},"type":"if","locations":[{"start":{"line":35,"column":8},"end":{"line":37,"column":null}},{"start":{"line":35,"column":8},"end":{"line":37,"column":null}}]},"2":{"loc":{"start":{"line":41,"column":8},"end":{"line":43,"column":null}},"type":"if","locations":[{"start":{"line":41,"column":8},"end":{"line":43,"column":null}},{"start":{"line":41,"column":8},"end":{"line":43,"column":null}}]}},"s":{"0":2,"1":2,"2":9,"3":9,"4":9,"5":9,"6":9,"7":9,"8":2,"9":2,"10":5,"11":5,"12":9,"13":16,"14":16,"15":1,"16":15,"17":15,"18":1,"19":14,"20":2},"f":{"0":9,"1":16},"b":{"0":[2,5],"1":[1,15],"2":[1,14]}}
}
