{"C:\\code\\scaffold\\src\\abstractions.ts": {"path":"C:\\code\\scaffold\\src\\abstractions.ts","statementMap":{"0":{"start":{"line":110,"column":0},"end":{"line":110,"column":null}},"1":{"start":{"line":114,"column":4},"end":{"line":114,"column":null}},"2":{"start":{"line":119,"column":4},"end":{"line":119,"column":null}},"3":{"start":{"line":124,"column":4},"end":{"line":124,"column":null}}},"fnMap":{"0":{"name":"(anonymous_0)","decl":{"start":{"line":110,"column":0},"end":{"line":110,"column":12}},"loc":{"start":{"line":110,"column":27},"end":{"line":125,"column":1}}}},"branchMap":{"0":{"loc":{"start":{"line":110,"column":12},"end":{"line":110,"column":27}},"type":"binary-expr","locations":[{"start":{"line":110,"column":12},"end":{"line":110,"column":27}},{"start":{"line":110,"column":12},"end":{"line":110,"column":null}}]}},"s":{"0":3,"1":3,"2":3,"3":3},"f":{"0":3},"b":{"0":[3,3]}}
,"C:\\code\\scaffold\\src\\application-builder.ts": {"path":"C:\\code\\scaffold\\src\\application-builder.ts","statementMap":{"0":{"start":{"line":1,"column":0},"end":{"line":1,"column":53}},"1":{"start":{"line":2,"column":0},"end":{"line":2,"column":38}},"2":{"start":{"line":3,"column":0},"end":{"line":3,"column":34}},"3":{"start":{"line":5,"column":0},"end":{"line":5,"column":44}},"4":{"start":{"line":20,"column":8},"end":{"line":20,"column":70}},"5":{"start":{"line":21,"column":8},"end":{"line":21,"column":33}},"6":{"start":{"line":22,"column":8},"end":{"line":22,"column":23}},"7":{"start":{"line":24,"column":8},"end":{"line":24,"column":36}},"8":{"start":{"line":34,"column":22},"end":{"line":34,"column":69}},"9":{"start":{"line":36,"column":8},"end":{"line":36,"column":116}},"10":{"start":{"line":36,"column":82},"end":{"line":36,"column":114}},"11":{"start":{"line":38,"column":8},"end":{"line":38,"column":21}},"12":{"start":{"line":49,"column":8},"end":{"line":49,"column":45}},"13":{"start":{"line":60,"column":8},"end":{"line":60,"column":40}},"14":{"start":{"line":69,"column":8},"end":{"line":69,"column":29}},"15":{"start":{"line":80,"column":8},"end":{"line":80,"column":38}},"16":{"start":{"line":81,"column":8},"end":{"line":81,"column":20}},"17":{"start":{"line":85,"column":8},"end":{"line":85,"column":49}},"18":{"start":{"line":86,"column":8},"end":{"line":86,"column":20}},"19":{"start":{"line":90,"column":8},"end":{"line":90,"column":54}},"20":{"start":{"line":91,"column":8},"end":{"line":91,"column":20}},"21":{"start":{"line":95,"column":8},"end":{"line":97,"column":20}},"22":{"start":{"line":99,"column":8},"end":{"line":99,"column":78}},"23":{"start":{"line":101,"column":8},"end":{"line":101,"column":20}},"24":{"start":{"line":105,"column":8},"end":{"line":105,"column":51}},"25":{"start":{"line":107,"column":8},"end":{"line":109,"column":null}},"26":{"start":{"line":108,"column":12},"end":{"line":108,"column":52}},"27":{"start":{"line":111,"column":8},"end":{"line":111,"column":20}},"28":{"start":{"line":115,"column":8},"end":{"line":115,"column":48}},"29":{"start":{"line":117,"column":8},"end":{"line":117,"column":85}},"30":{"start":{"line":119,"column":8},"end":{"line":119,"column":20}},"31":{"start":{"line":125,"column":23},"end":{"line":125,"column":67}},"32":{"start":{"line":127,"column":8},"end":{"line":127,"column":43}},"33":{"start":{"line":129,"column":8},"end":{"line":129,"column":20}},"34":{"start":{"line":136,"column":23},"end":{"line":136,"column":67}},"35":{"start":{"line":138,"column":8},"end":{"line":138,"column":79}},"36":{"start":{"line":140,"column":8},"end":{"line":140,"column":20}},"37":{"start":{"line":144,"column":8},"end":{"line":144,"column":65}},"38":{"start":{"line":145,"column":8},"end":{"line":145,"column":20}},"39":{"start":{"line":149,"column":23},"end":{"line":149,"column":35}},"40":{"start":{"line":151,"column":8},"end":{"line":155,"column":null}},"41":{"start":{"line":152,"column":12},"end":{"line":154,"column":37}},"42":{"start":{"line":157,"column":8},"end":{"line":191,"column":11}},"43":{"start":{"line":158,"column":12},"end":{"line":190,"column":null}},"44":{"start":{"line":160,"column":20},"end":{"line":160,"column":49}},"45":{"start":{"line":161,"column":20},"end":{"line":161,"column":26}},"46":{"start":{"line":164,"column":20},"end":{"line":164,"column":50}},"47":{"start":{"line":165,"column":20},"end":{"line":165,"column":26}},"48":{"start":{"line":168,"column":20},"end":{"line":168,"column":49}},"49":{"start":{"line":169,"column":20},"end":{"line":169,"column":26}},"50":{"start":{"line":172,"column":20},"end":{"line":172,"column":52}},"51":{"start":{"line":173,"column":20},"end":{"line":173,"column":26}},"52":{"start":{"line":176,"column":20},"end":{"line":176,"column":53}},"53":{"start":{"line":177,"column":20},"end":{"line":177,"column":26}},"54":{"start":{"line":180,"column":20},"end":{"line":180,"column":51}},"55":{"start":{"line":181,"column":20},"end":{"line":181,"column":26}},"56":{"start":{"line":184,"column":20},"end":{"line":184,"column":50}},"57":{"start":{"line":185,"column":20},"end":{"line":185,"column":26}},"58":{"start":{"line":188,"column":20},"end":{"line":188,"column":49}},"59":{"start":{"line":189,"column":20},"end":{"line":189,"column":26}},"60":{"start":{"line":193,"column":8},"end":{"line":193,"column":22}},"61":{"start":{"line":12,"column":0},"end":{"line":12,"column":13}}},"fnMap":{"0":{"name":"(anonymous_0)","decl":{"start":{"line":19,"column":4},"end":{"line":19,"column":16}},"loc":{"start":{"line":19,"column":68},"end":{"line":25,"column":5}}},"1":{"name":"(anonymous_1)","decl":{"start":{"line":33,"column":11},"end":{"line":33,"column":16}},"loc":{"start":{"line":33,"column":16},"end":{"line":39,"column":5}}},"2":{"name":"(anonymous_2)","decl":{"start":{"line":36,"column":32},"end":{"line":36,"column":33}},"loc":{"start":{"line":36,"column":82},"end":{"line":36,"column":114}}},"3":{"name":"(anonymous_3)","decl":{"start":{"line":48,"column":11},"end":{"line":48,"column":22}},"loc":{"start":{"line":48,"column":70},"end":{"line":50,"column":5}}},"4":{"name":"(anonymous_4)","decl":{"start":{"line":59,"column":11},"end":{"line":59,"column":22}},"loc":{"start":{"line":59,"column":80},"end":{"line":61,"column":5}}},"5":{"name":"(anonymous_5)","decl":{"start":{"line":68,"column":11},"end":{"line":68,"column":16}},"loc":{"start":{"line":68,"column":16},"end":{"line":70,"column":5}}},"6":{"name":"(anonymous_6)","decl":{"start":{"line":79,"column":11},"end":{"line":79,"column":14}},"loc":{"start":{"line":79,"column":37},"end":{"line":82,"column":5}}},"7":{"name":"(anonymous_7)","decl":{"start":{"line":84,"column":11},"end":{"line":84,"column":13}},"loc":{"start":{"line":84,"column":92},"end":{"line":87,"column":5}}},"8":{"name":"(anonymous_8)","decl":{"start":{"line":89,"column":11},"end":{"line":89,"column":26}},"loc":{"start":{"line":89,"column":26},"end":{"line":92,"column":5}}},"9":{"name":"(anonymous_9)","decl":{"start":{"line":94,"column":11},"end":{"line":94,"column":32}},"loc":{"start":{"line":94,"column":60},"end":{"line":102,"column":5}}},"10":{"name":"(anonymous_10)","decl":{"start":{"line":104,"column":11},"end":{"line":104,"column":21}},"loc":{"start":{"line":104,"column":47},"end":{"line":112,"column":5}}},"11":{"name":"(anonymous_11)","decl":{"start":{"line":114,"column":11},"end":{"line":114,"column":26}},"loc":{"start":{"line":114,"column":67},"end":{"line":120,"column":5}}},"12":{"name":"(anonymous_12)","decl":{"start":{"line":122,"column":11},"end":{"line":122,"column":14}},"loc":{"start":{"line":124,"column":45},"end":{"line":130,"column":5}}},"13":{"name":"(anonymous_13)","decl":{"start":{"line":132,"column":11},"end":{"line":132,"column":18}},"loc":{"start":{"line":135,"column":49},"end":{"line":141,"column":5}}},"14":{"name":"(anonymous_14)","decl":{"start":{"line":143,"column":11},"end":{"line":143,"column":18}},"loc":{"start":{"line":143,"column":103},"end":{"line":146,"column":5}}},"15":{"name":"(anonymous_15)","decl":{"start":{"line":148,"column":12},"end":{"line":148,"column":23}},"loc":{"start":{"line":148,"column":103},"end":{"line":194,"column":5}}},"16":{"name":"(anonymous_16)","decl":{"start":{"line":157,"column":34},"end":{"line":157,"column":35}},"loc":{"start":{"line":157,"column":45},"end":{"line":191,"column":9}}}},"branchMap":{"0":{"loc":{"start":{"line":105,"column":26},"end":{"line":105,"column":41}},"type":"binary-expr","locations":[{"start":{"line":105,"column":26},"end":{"line":105,"column":41}},{"start":{"line":105,"column":45},"end":{"line":105,"column":50}}]},"1":{"loc":{"start":{"line":107,"column":8},"end":{"line":109,"column":null}},"type":"if","locations":[{"start":{"line":107,"column":8},"end":{"line":109,"column":null}},{"start":{"line":107,"column":8},"end":{"line":109,"column":null}}]},"2":{"loc":{"start":{"line":107,"column":12},"end":{"line":107,"column":27}},"type":"binary-expr","locations":[{"start":{"line":107,"column":12},"end":{"line":107,"column":27}},{"start":{"line":107,"column":31},"end":{"line":107,"column":55}}]},"3":{"loc":{"start":{"line":115,"column":19},"end":{"line":115,"column":27}},"type":"binary-expr","locations":[{"start":{"line":115,"column":19},"end":{"line":115,"column":27}},{"start":{"line":115,"column":31},"end":{"line":115,"column":47}}]},"4":{"loc":{"start":{"line":151,"column":8},"end":{"line":155,"column":null}},"type":"if","locations":[{"start":{"line":151,"column":8},"end":{"line":155,"column":null}},{"start":{"line":151,"column":8},"end":{"line":155,"column":null}}]},"5":{"loc":{"start":{"line":151,"column":12},"end":{"line":151,"column":21}},"type":"binary-expr","locations":[{"start":{"line":151,"column":12},"end":{"line":151,"column":21}},{"start":{"line":151,"column":25},"end":{"line":151,"column":42}}]},"6":{"loc":{"start":{"line":159,"column":16},"end":{"line":161,"column":26}},"type":"switch","locations":[{"start":{"line":159,"column":16},"end":{"line":161,"column":26}},{"start":{"line":163,"column":16},"end":{"line":165,"column":26}},{"start":{"line":167,"column":16},"end":{"line":169,"column":26}},{"start":{"line":171,"column":16},"end":{"line":173,"column":26}},{"start":{"line":175,"column":16},"end":{"line":177,"column":26}},{"start":{"line":179,"column":16},"end":{"line":181,"column":26}},{"start":{"line":183,"column":16},"end":{"line":185,"column":26}},{"start":{"line":187,"column":16},"end":{"line":189,"column":26}}]}},"s":{"0":3,"1":3,"2":3,"3":3,"4":28,"5":28,"6":28,"7":28,"8":1,"9":1,"10":1,"11":1,"12":2,"13":2,"14":7,"15":8,"16":8,"17":1,"18":1,"19":1,"20":1,"21":1,"22":1,"23":1,"24":3,"25":3,"26":2,"27":3,"28":1,"29":1,"30":1,"31":1,"32":1,"33":1,"34":1,"35":1,"36":1,"37":1,"38":1,"39":10,"40":10,"41":2,"42":10,"43":10,"44":3,"45":3,"46":1,"47":1,"48":1,"49":1,"50":1,"51":1,"52":1,"53":1,"54":1,"55":1,"56":1,"57":1,"58":1,"59":1,"60":10,"61":3},"f":{"0":28,"1":1,"2":1,"3":2,"4":2,"5":7,"6":8,"7":1,"8":1,"9":1,"10":3,"11":1,"12":1,"13":1,"14":1,"15":10,"16":10},"b":{"0":[3,2],"1":[2,1],"2":[3,2],"3":[1,1],"4":[2,8],"5":[10,8],"6":[3,1,1,1,1,1,1,1]}}
,"C:\\code\\scaffold\\src\\hosting-environment.ts": {"path":"C:\\code\\scaffold\\src\\hosting-environment.ts","statementMap":{"0":{"start":{"line":8,"column":8},"end":{"line":8,"column":43}},"1":{"start":{"line":12,"column":8},"end":{"line":12,"column":42}},"2":{"start":{"line":16,"column":8},"end":{"line":16,"column":41}},"3":{"start":{"line":20,"column":8},"end":{"line":20,"column":64}},"4":{"start":{"line":24,"column":8},"end":{"line":24,"column":63}},"5":{"start":{"line":4,"column":0},"end":{"line":4,"column":13}}},"fnMap":{"0":{"name":"(anonymous_0)","decl":{"start":{"line":7,"column":4},"end":{"line":7,"column":16}},"loc":{"start":{"line":7,"column":44},"end":{"line":9,"column":5}}},"1":{"name":"(anonymous_1)","decl":{"start":{"line":11,"column":4},"end":{"line":11,"column":15}},"loc":{"start":{"line":11,"column":22},"end":{"line":13,"column":5}}},"2":{"name":"(anonymous_2)","decl":{"start":{"line":15,"column":4},"end":{"line":15,"column":15}},"loc":{"start":{"line":15,"column":21},"end":{"line":17,"column":5}}},"3":{"name":"(anonymous_3)","decl":{"start":{"line":19,"column":11},"end":{"line":19,"column":24}},"loc":{"start":{"line":19,"column":24},"end":{"line":21,"column":5}}},"4":{"name":"(anonymous_4)","decl":{"start":{"line":23,"column":11},"end":{"line":23,"column":23}},"loc":{"start":{"line":23,"column":23},"end":{"line":25,"column":5}}}},"branchMap":{},"s":{"0":21,"1":3,"2":1,"3":3,"4":1,"5":4},"f":{"0":21,"1":3,"2":1,"3":3,"4":1},"b":{}}
,"C:\\code\\scaffold\\src\\middlewares.ts": {"path":"C:\\code\\scaffold\\src\\middlewares.ts","statementMap":{"0":{"start":{"line":2,"column":0},"end":{"line":2,"column":51}},"1":{"start":{"line":3,"column":0},"end":{"line":3,"column":38}},"2":{"start":{"line":6,"column":13},"end":{"line":28,"column":2}},"3":{"start":{"line":7,"column":31},"end":{"line":7,"column":45}},"4":{"start":{"line":9,"column":8},"end":{"line":19,"column":10}},"5":{"start":{"line":9,"column":26},"end":{"line":19,"column":10}},"6":{"start":{"line":10,"column":25},"end":{"line":10,"column":44}},"7":{"start":{"line":12,"column":12},"end":{"line":18,"column":16}},"8":{"start":{"line":12,"column":61},"end":{"line":18,"column":14}},"9":{"start":{"line":13,"column":16},"end":{"line":15,"column":null}},"10":{"start":{"line":14,"column":20},"end":{"line":14,"column":46}},"11":{"start":{"line":17,"column":16},"end":{"line":17,"column":41}},"12":{"start":{"line":22,"column":8},"end":{"line":25,"column":10}},"13":{"start":{"line":22,"column":26},"end":{"line":25,"column":10}},"14":{"start":{"line":23,"column":26},"end":{"line":23,"column":54}},"15":{"start":{"line":24,"column":12},"end":{"line":24,"column":44}},"16":{"start":{"line":27,"column":30},"end":{"line":27,"column":38}}},"fnMap":{"0":{"name":"(anonymous_6)","decl":{"start":{"line":7,"column":18},"end":{"line":7,"column":28}},"loc":{"start":{"line":7,"column":31},"end":{"line":7,"column":45}}},"1":{"name":"(anonymous_7)","decl":{"start":{"line":8,"column":24},"end":{"line":8,"column":25}},"loc":{"start":{"line":8,"column":77},"end":{"line":20,"column":5}}},"2":{"name":"(anonymous_8)","decl":{"start":{"line":9,"column":15},"end":{"line":9,"column":24}},"loc":{"start":{"line":9,"column":26},"end":{"line":19,"column":10}}},"3":{"name":"(anonymous_9)","decl":{"start":{"line":9,"column":26},"end":{"line":9,"column":null}},"loc":{"start":{"line":9,"column":26},"end":{"line":19,"column":9}}},"4":{"name":"(anonymous_10)","decl":{"start":{"line":12,"column":39},"end":{"line":12,"column":46}},"loc":{"start":{"line":12,"column":61},"end":{"line":18,"column":14}}},"5":{"name":"(anonymous_11)","decl":{"start":{"line":12,"column":61},"end":{"line":12,"column":null}},"loc":{"start":{"line":12,"column":61},"end":{"line":18,"column":13}}},"6":{"name":"(anonymous_12)","decl":{"start":{"line":21,"column":18},"end":{"line":21,"column":19}},"loc":{"start":{"line":21,"column":83},"end":{"line":26,"column":5}}},"7":{"name":"(anonymous_13)","decl":{"start":{"line":22,"column":15},"end":{"line":22,"column":24}},"loc":{"start":{"line":22,"column":26},"end":{"line":25,"column":10}}},"8":{"name":"(anonymous_14)","decl":{"start":{"line":22,"column":26},"end":{"line":22,"column":null}},"loc":{"start":{"line":22,"column":26},"end":{"line":25,"column":9}}},"9":{"name":"(anonymous_15)","decl":{"start":{"line":27,"column":12},"end":{"line":27,"column":27}},"loc":{"start":{"line":27,"column":30},"end":{"line":27,"column":38}}}},"branchMap":{"0":{"loc":{"start":{"line":13,"column":16},"end":{"line":15,"column":null}},"type":"if","locations":[{"start":{"line":13,"column":16},"end":{"line":15,"column":null}},{"start":{"line":13,"column":16},"end":{"line":15,"column":null}}]}},"s":{"0":4,"1":4,"2":4,"3":1,"4":1,"5":1,"6":1,"7":1,"8":2,"9":2,"10":1,"11":1,"12":1,"13":1,"14":1,"15":1,"16":1},"f":{"0":1,"1":1,"2":1,"3":1,"4":2,"5":2,"6":1,"7":1,"8":1,"9":1},"b":{"0":[1,1]}}
,"C:\\code\\scaffold\\src\\scaffold.ts": {"path":"C:\\code\\scaffold\\src\\scaffold.ts","statementMap":{"0":{"start":{"line":1,"column":0},"end":{"line":1,"column":38}},"1":{"start":{"line":3,"column":0},"end":{"line":3,"column":64}},"2":{"start":{"line":22,"column":8},"end":{"line":26,"column":null}},"3":{"start":{"line":23,"column":12},"end":{"line":25,"column":45}},"4":{"start":{"line":28,"column":8},"end":{"line":28,"column":84}},"5":{"start":{"line":29,"column":8},"end":{"line":29,"column":69}},"6":{"start":{"line":30,"column":8},"end":{"line":30,"column":47}},"7":{"start":{"line":32,"column":8},"end":{"line":32,"column":48}},"8":{"start":{"line":11,"column":0},"end":{"line":11,"column":13}}},"fnMap":{"0":{"name":"(anonymous_0)","decl":{"start":{"line":21,"column":11},"end":{"line":21,"column":17}},"loc":{"start":{"line":21,"column":76},"end":{"line":33,"column":5}}}},"branchMap":{"0":{"loc":{"start":{"line":22,"column":8},"end":{"line":26,"column":null}},"type":"if","locations":[{"start":{"line":22,"column":8},"end":{"line":26,"column":null}},{"start":{"line":22,"column":8},"end":{"line":26,"column":null}}]},"1":{"loc":{"start":{"line":28,"column":36},"end":{"line":28,"column":54}},"type":"binary-expr","locations":[{"start":{"line":28,"column":36},"end":{"line":28,"column":54}},{"start":{"line":28,"column":58},"end":{"line":28,"column":83}}]},"2":{"loc":{"start":{"line":29,"column":31},"end":{"line":29,"column":44}},"type":"binary-expr","locations":[{"start":{"line":29,"column":31},"end":{"line":29,"column":44}},{"start":{"line":29,"column":48},"end":{"line":29,"column":68}}]}},"s":{"0":1,"1":1,"2":2,"3":1,"4":2,"5":2,"6":2,"7":2,"8":1},"f":{"0":2},"b":{"0":[1,1],"1":[2,1],"2":[2,1]}}
,"C:\\code\\scaffold\\src\\service-collection.ts": {"path":"C:\\code\\scaffold\\src\\service-collection.ts","statementMap":{"0":{"start":{"line":1,"column":0},"end":{"line":1,"column":89}},"1":{"start":{"line":2,"column":0},"end":{"line":2,"column":57}},"2":{"start":{"line":8,"column":8},"end":{"line":8,"column":72}},"3":{"start":{"line":12,"column":8},"end":{"line":12,"column":105}},"4":{"start":{"line":16,"column":8},"end":{"line":16,"column":102}},"5":{"start":{"line":20,"column":8},"end":{"line":20,"column":105}},"6":{"start":{"line":24,"column":8},"end":{"line":24,"column":54}},"7":{"start":{"line":24,"column":45},"end":{"line":24,"column":52}},"8":{"start":{"line":4,"column":0},"end":{"line":4,"column":13}}},"fnMap":{"0":{"name":"(anonymous_0)","decl":{"start":{"line":7,"column":4},"end":{"line":7,"column":null}},"loc":{"start":{"line":7,"column":4},"end":{"line":9,"column":5}}},"1":{"name":"(anonymous_1)","decl":{"start":{"line":11,"column":11},"end":{"line":11,"column":23}},"loc":{"start":{"line":11,"column":71},"end":{"line":13,"column":5}}},"2":{"name":"(anonymous_2)","decl":{"start":{"line":15,"column":11},"end":{"line":15,"column":20}},"loc":{"start":{"line":15,"column":68},"end":{"line":17,"column":5}}},"3":{"name":"(anonymous_3)","decl":{"start":{"line":19,"column":11},"end":{"line":19,"column":23}},"loc":{"start":{"line":19,"column":71},"end":{"line":21,"column":5}}},"4":{"name":"(anonymous_4)","decl":{"start":{"line":23,"column":11},"end":{"line":23,"column":20}},"loc":{"start":{"line":23,"column":70},"end":{"line":25,"column":5}}},"5":{"name":"(anonymous_5)","decl":{"start":{"line":24,"column":39},"end":{"line":24,"column":42}},"loc":{"start":{"line":24,"column":45},"end":{"line":24,"column":52}}}},"branchMap":{},"s":{"0":3,"1":3,"2":14,"3":4,"4":1,"5":2,"6":1,"7":1,"8":3},"f":{"0":14,"1":4,"2":1,"3":2,"4":1,"5":1},"b":{}}
,"C:\\code\\scaffold\\src\\service-descriptor.ts": {"path":"C:\\code\\scaffold\\src\\service-descriptor.ts","statementMap":{"0":{"start":{"line":9,"column":8},"end":{"line":9,"column":23}},"1":{"start":{"line":10,"column":8},"end":{"line":10,"column":33}},"2":{"start":{"line":11,"column":8},"end":{"line":11,"column":31}},"3":{"start":{"line":3,"column":0},"end":{"line":3,"column":13}}},"fnMap":{"0":{"name":"(anonymous_0)","decl":{"start":{"line":8,"column":4},"end":{"line":8,"column":16}},"loc":{"start":{"line":8,"column":77},"end":{"line":12,"column":5}}}},"branchMap":{},"s":{"0":7,"1":7,"2":7,"3":3},"f":{"0":7},"b":{}}
,"C:\\code\\scaffold\\src\\service-instance-wrapper.ts": {"path":"C:\\code\\scaffold\\src\\service-instance-wrapper.ts","statementMap":{"0":{"start":{"line":8,"column":8},"end":{"line":8,"column":37}},"1":{"start":{"line":9,"column":8},"end":{"line":9,"column":35}},"2":{"start":{"line":15,"column":8},"end":{"line":24,"column":null}},"3":{"start":{"line":16,"column":12},"end":{"line":16,"column":63}},"4":{"start":{"line":18,"column":12},"end":{"line":21,"column":null}},"5":{"start":{"line":19,"column":16},"end":{"line":19,"column":53}},"6":{"start":{"line":20,"column":16},"end":{"line":20,"column":66}},"7":{"start":{"line":23,"column":12},"end":{"line":23,"column":59}},"8":{"start":{"line":26,"column":8},"end":{"line":26,"column":24}},"9":{"start":{"line":3,"column":0},"end":{"line":3,"column":13}}},"fnMap":{"0":{"name":"(anonymous_0)","decl":{"start":{"line":7,"column":4},"end":{"line":7,"column":16}},"loc":{"start":{"line":7,"column":85},"end":{"line":10,"column":5}}},"1":{"name":"(anonymous_1)","decl":{"start":{"line":12,"column":11},"end":{"line":12,"column":22}},"loc":{"start":{"line":12,"column":22},"end":{"line":27,"column":5}}}},"branchMap":{"0":{"loc":{"start":{"line":15,"column":8},"end":{"line":24,"column":null}},"type":"if","locations":[{"start":{"line":15,"column":8},"end":{"line":24,"column":null}},{"start":{"line":15,"column":8},"end":{"line":24,"column":null}}]},"1":{"loc":{"start":{"line":18,"column":12},"end":{"line":21,"column":null}},"type":"if","locations":[{"start":{"line":18,"column":12},"end":{"line":21,"column":null}},{"start":{"line":18,"column":12},"end":{"line":21,"column":null}}]}},"s":{"0":7,"1":7,"2":13,"3":10,"4":10,"5":4,"6":4,"7":3,"8":13,"9":3},"f":{"0":7,"1":13},"b":{"0":[10,3],"1":[4,6]}}
,"C:\\code\\scaffold\\src\\service-provider.ts": {"path":"C:\\code\\scaffold\\src\\service-provider.ts","statementMap":{"0":{"start":{"line":1,"column":0},"end":{"line":1,"column":87}},"1":{"start":{"line":2,"column":0},"end":{"line":2,"column":68}},"2":{"start":{"line":11,"column":8},"end":{"line":11,"column":66}},"3":{"start":{"line":12,"column":8},"end":{"line":12,"column":57}},"4":{"start":{"line":13,"column":8},"end":{"line":13,"column":53}},"5":{"start":{"line":15,"column":8},"end":{"line":29,"column":null}},"6":{"start":{"line":16,"column":56},"end":{"line":16,"column":60}},"7":{"start":{"line":18,"column":12},"end":{"line":26,"column":null}},"8":{"start":{"line":20,"column":20},"end":{"line":20,"column":53}},"9":{"start":{"line":21,"column":20},"end":{"line":21,"column":26}},"10":{"start":{"line":24,"column":20},"end":{"line":24,"column":56}},"11":{"start":{"line":25,"column":20},"end":{"line":25,"column":26}},"12":{"start":{"line":28,"column":12},"end":{"line":28,"column":97}},"13":{"start":{"line":33,"column":24},"end":{"line":33,"column":46}},"14":{"start":{"line":35,"column":8},"end":{"line":37,"column":null}},"15":{"start":{"line":36,"column":12},"end":{"line":36,"column":110}},"16":{"start":{"line":39,"column":25},"end":{"line":39,"column":56}},"17":{"start":{"line":41,"column":8},"end":{"line":43,"column":null}},"18":{"start":{"line":42,"column":12},"end":{"line":42,"column":93}},"19":{"start":{"line":45,"column":8},"end":{"line":45,"column":29}},"20":{"start":{"line":4,"column":0},"end":{"line":4,"column":13}}},"fnMap":{"0":{"name":"(anonymous_0)","decl":{"start":{"line":10,"column":4},"end":{"line":10,"column":16}},"loc":{"start":{"line":10,"column":101},"end":{"line":30,"column":5}}},"1":{"name":"(anonymous_1)","decl":{"start":{"line":32,"column":11},"end":{"line":32,"column":22}},"loc":{"start":{"line":32,"column":52},"end":{"line":46,"column":5}}}},"branchMap":{"0":{"loc":{"start":{"line":19,"column":16},"end":{"line":21,"column":26}},"type":"switch","locations":[{"start":{"line":19,"column":16},"end":{"line":21,"column":26}},{"start":{"line":23,"column":16},"end":{"line":25,"column":26}}]},"1":{"loc":{"start":{"line":35,"column":8},"end":{"line":37,"column":null}},"type":"if","locations":[{"start":{"line":35,"column":8},"end":{"line":37,"column":null}},{"start":{"line":35,"column":8},"end":{"line":37,"column":null}}]},"2":{"loc":{"start":{"line":41,"column":8},"end":{"line":43,"column":null}},"type":"if","locations":[{"start":{"line":41,"column":8},"end":{"line":43,"column":null}},{"start":{"line":41,"column":8},"end":{"line":43,"column":null}}]}},"s":{"0":3,"1":3,"2":10,"3":10,"4":10,"5":10,"6":7,"7":7,"8":2,"9":2,"10":3,"11":3,"12":7,"13":14,"14":14,"15":1,"16":13,"17":13,"18":1,"19":12,"20":3},"f":{"0":10,"1":14},"b":{"0":[2,3],"1":[1,13],"2":[1,12]}}
,"C:\\code\\scaffold\\src\\service-worker-builder.ts": {"path":"C:\\code\\scaffold\\src\\service-worker-builder.ts","statementMap":{"0":{"start":{"line":1,"column":0},"end":{"line":1,"column":60}},"1":{"start":{"line":3,"column":0},"end":{"line":3,"column":59}},"2":{"start":{"line":4,"column":0},"end":{"line":4,"column":59}},"3":{"start":{"line":5,"column":0},"end":{"line":5,"column":57}},"4":{"start":{"line":6,"column":0},"end":{"line":6,"column":53}},"5":{"start":{"line":14,"column":8},"end":{"line":14,"column":32}},"6":{"start":{"line":15,"column":8},"end":{"line":15,"column":60}},"7":{"start":{"line":16,"column":8},"end":{"line":16,"column":48}},"8":{"start":{"line":18,"column":8},"end":{"line":18,"column":59}},"9":{"start":{"line":20,"column":8},"end":{"line":22,"column":null}},"10":{"start":{"line":21,"column":12},"end":{"line":21,"column":71}},"11":{"start":{"line":24,"column":8},"end":{"line":26,"column":null}},"12":{"start":{"line":25,"column":12},"end":{"line":25,"column":61}},"13":{"start":{"line":30,"column":8},"end":{"line":30,"column":39}},"14":{"start":{"line":31,"column":8},"end":{"line":31,"column":20}},"15":{"start":{"line":35,"column":8},"end":{"line":37,"column":null}},"16":{"start":{"line":36,"column":12},"end":{"line":36,"column":102}},"17":{"start":{"line":39,"column":35},"end":{"line":39,"column":77}},"18":{"start":{"line":42,"column":24},"end":{"line":42,"column":105}},"19":{"start":{"line":44,"column":8},"end":{"line":46,"column":null}},"20":{"start":{"line":45,"column":12},"end":{"line":45,"column":73}},"21":{"start":{"line":48,"column":32},"end":{"line":48,"column":110}},"22":{"start":{"line":50,"column":35},"end":{"line":50,"column":94}},"23":{"start":{"line":52,"column":8},"end":{"line":52,"column":66}},"24":{"start":{"line":54,"column":20},"end":{"line":54,"column":46}},"25":{"start":{"line":56,"column":8},"end":{"line":56,"column":21}},"26":{"start":{"line":8,"column":0},"end":{"line":8,"column":13}}},"fnMap":{"0":{"name":"(anonymous_0)","decl":{"start":{"line":13,"column":4},"end":{"line":13,"column":16}},"loc":{"start":{"line":13,"column":58},"end":{"line":27,"column":5}}},"1":{"name":"(anonymous_1)","decl":{"start":{"line":29,"column":11},"end":{"line":29,"column":21}},"loc":{"start":{"line":29,"column":72},"end":{"line":32,"column":5}}},"2":{"name":"(anonymous_2)","decl":{"start":{"line":34,"column":11},"end":{"line":34,"column":16}},"loc":{"start":{"line":34,"column":16},"end":{"line":57,"column":5}}}},"branchMap":{"0":{"loc":{"start":{"line":20,"column":8},"end":{"line":22,"column":null}},"type":"if","locations":[{"start":{"line":20,"column":8},"end":{"line":22,"column":null}},{"start":{"line":20,"column":8},"end":{"line":22,"column":null}}]},"1":{"loc":{"start":{"line":24,"column":8},"end":{"line":26,"column":null}},"type":"if","locations":[{"start":{"line":24,"column":8},"end":{"line":26,"column":null}},{"start":{"line":24,"column":8},"end":{"line":26,"column":null}}]},"2":{"loc":{"start":{"line":35,"column":8},"end":{"line":37,"column":null}},"type":"if","locations":[{"start":{"line":35,"column":8},"end":{"line":37,"column":null}},{"start":{"line":35,"column":8},"end":{"line":37,"column":null}}]},"3":{"loc":{"start":{"line":44,"column":8},"end":{"line":46,"column":null}},"type":"if","locations":[{"start":{"line":44,"column":8},"end":{"line":46,"column":null}},{"start":{"line":44,"column":8},"end":{"line":46,"column":null}}]}},"s":{"0":2,"1":2,"2":2,"3":2,"4":2,"5":7,"6":7,"7":7,"8":7,"9":7,"10":1,"11":7,"12":1,"13":3,"14":3,"15":3,"16":1,"17":2,"18":2,"19":2,"20":1,"21":2,"22":2,"23":2,"24":2,"25":2,"26":2},"f":{"0":7,"1":3,"2":3},"b":{"0":[1,6],"1":[1,6],"2":[1,2],"3":[1,1]}}
}
