TN:
SF:C:\code\scaffold\src\abstractions.ts
FN:110,(anonymous_0)
FNF:1
FNH:1
FNDA:3,(anonymous_0)
DA:110,3
DA:114,3
DA:119,3
DA:124,3
LF:4
LH:4
BRDA:110,0,0,3
BRDA:110,0,1,3
BRF:2
BRH:2
end_of_record
TN:
SF:C:\code\scaffold\src\application-builder.ts
FN:19,(anonymous_0)
FN:33,(anonymous_1)
FN:36,(anonymous_2)
FN:48,(anonymous_3)
FN:59,(anonymous_4)
FN:68,(anonymous_5)
FN:79,(anonymous_6)
FN:84,(anonymous_7)
FN:89,(anonymous_8)
FN:94,(anonymous_9)
FN:104,(anonymous_10)
FN:114,(anonymous_11)
FN:122,(anonymous_12)
FN:132,(anonymous_13)
FN:143,(anonymous_14)
FN:148,(anonymous_15)
FN:157,(anonymous_16)
FNF:17
FNH:17
FNDA:28,(anonymous_0)
FNDA:1,(anonymous_1)
FNDA:1,(anonymous_2)
FNDA:2,(anonymous_3)
FNDA:2,(anonymous_4)
FNDA:7,(anonymous_5)
FNDA:8,(anonymous_6)
FNDA:1,(anonymous_7)
FNDA:1,(anonymous_8)
FNDA:1,(anonymous_9)
FNDA:3,(anonymous_10)
FNDA:1,(anonymous_11)
FNDA:1,(anonymous_12)
FNDA:1,(anonymous_13)
FNDA:1,(anonymous_14)
FNDA:10,(anonymous_15)
FNDA:10,(anonymous_16)
DA:1,3
DA:2,3
DA:3,3
DA:5,3
DA:12,3
DA:20,28
DA:21,28
DA:22,28
DA:24,28
DA:34,1
DA:36,1
DA:38,1
DA:49,2
DA:60,2
DA:69,7
DA:80,8
DA:81,8
DA:85,1
DA:86,1
DA:90,1
DA:91,1
DA:95,1
DA:99,1
DA:101,1
DA:105,3
DA:107,3
DA:108,2
DA:111,3
DA:115,1
DA:117,1
DA:119,1
DA:125,1
DA:127,1
DA:129,1
DA:136,1
DA:138,1
DA:140,1
DA:144,1
DA:145,1
DA:149,10
DA:151,10
DA:152,2
DA:157,10
DA:158,10
DA:160,3
DA:161,3
DA:164,1
DA:165,1
DA:168,1
DA:169,1
DA:172,1
DA:173,1
DA:176,1
DA:177,1
DA:180,1
DA:181,1
DA:184,1
DA:185,1
DA:188,1
DA:189,1
DA:193,10
LF:61
LH:61
BRDA:105,0,0,3
BRDA:105,0,1,2
BRDA:107,1,0,2
BRDA:107,1,1,1
BRDA:107,2,0,3
BRDA:107,2,1,2
BRDA:115,3,0,1
BRDA:115,3,1,1
BRDA:151,4,0,2
BRDA:151,4,1,8
BRDA:151,5,0,10
BRDA:151,5,1,8
BRDA:159,6,0,3
BRDA:159,6,1,1
BRDA:159,6,2,1
BRDA:159,6,3,1
BRDA:159,6,4,1
BRDA:159,6,5,1
BRDA:159,6,6,1
BRDA:159,6,7,1
BRF:20
BRH:20
end_of_record
TN:
SF:C:\code\scaffold\src\hosting-environment.ts
FN:7,(anonymous_0)
FN:11,(anonymous_1)
FN:15,(anonymous_2)
FN:19,(anonymous_3)
FN:23,(anonymous_4)
FNF:5
FNH:5
FNDA:21,(anonymous_0)
FNDA:3,(anonymous_1)
FNDA:1,(anonymous_2)
FNDA:3,(anonymous_3)
FNDA:1,(anonymous_4)
DA:4,4
DA:8,21
DA:12,3
DA:16,1
DA:20,3
DA:24,1
LF:6
LH:6
BRF:0
BRH:0
end_of_record
TN:
SF:C:\code\scaffold\src\middlewares.ts
FN:7,(anonymous_6)
FN:8,(anonymous_7)
FN:9,(anonymous_8)
FN:9,(anonymous_9)
FN:12,(anonymous_10)
FN:12,(anonymous_11)
FN:21,(anonymous_12)
FN:22,(anonymous_13)
FN:22,(anonymous_14)
FN:27,(anonymous_15)
FNF:10
FNH:10
FNDA:1,(anonymous_6)
FNDA:1,(anonymous_7)
FNDA:1,(anonymous_8)
FNDA:1,(anonymous_9)
FNDA:2,(anonymous_10)
FNDA:2,(anonymous_11)
FNDA:1,(anonymous_12)
FNDA:1,(anonymous_13)
FNDA:1,(anonymous_14)
FNDA:1,(anonymous_15)
DA:2,4
DA:3,4
DA:6,4
DA:7,1
DA:9,1
DA:10,1
DA:12,2
DA:13,2
DA:14,1
DA:17,1
DA:22,1
DA:23,1
DA:24,1
DA:27,1
LF:14
LH:14
BRDA:13,0,0,1
BRDA:13,0,1,1
BRF:2
BRH:2
end_of_record
TN:
SF:C:\code\scaffold\src\scaffold.ts
FN:21,(anonymous_0)
FNF:1
FNH:1
FNDA:2,(anonymous_0)
DA:1,1
DA:3,1
DA:11,1
DA:22,2
DA:23,1
DA:28,2
DA:29,2
DA:30,2
DA:32,2
LF:9
LH:9
BRDA:22,0,0,1
BRDA:22,0,1,1
BRDA:28,1,0,2
BRDA:28,1,1,1
BRDA:29,2,0,2
BRDA:29,2,1,1
BRF:6
BRH:6
end_of_record
TN:
SF:C:\code\scaffold\src\service-collection.ts
FN:7,(anonymous_0)
FN:11,(anonymous_1)
FN:15,(anonymous_2)
FN:19,(anonymous_3)
FN:23,(anonymous_4)
FN:24,(anonymous_5)
FNF:6
FNH:6
FNDA:14,(anonymous_0)
FNDA:4,(anonymous_1)
FNDA:1,(anonymous_2)
FNDA:2,(anonymous_3)
FNDA:1,(anonymous_4)
FNDA:1,(anonymous_5)
DA:1,3
DA:2,3
DA:4,3
DA:8,14
DA:12,4
DA:16,1
DA:20,2
DA:24,1
LF:8
LH:8
BRF:0
BRH:0
end_of_record
TN:
SF:C:\code\scaffold\src\service-descriptor.ts
FN:8,(anonymous_0)
FNF:1
FNH:1
FNDA:7,(anonymous_0)
DA:3,3
DA:9,7
DA:10,7
DA:11,7
LF:4
LH:4
BRF:0
BRH:0
end_of_record
TN:
SF:C:\code\scaffold\src\service-instance-wrapper.ts
FN:7,(anonymous_0)
FN:12,(anonymous_1)
FNF:2
FNH:2
FNDA:7,(anonymous_0)
FNDA:13,(anonymous_1)
DA:3,3
DA:8,7
DA:9,7
DA:15,13
DA:16,10
DA:18,10
DA:19,4
DA:20,4
DA:23,3
DA:26,13
LF:10
LH:10
BRDA:15,0,0,10
BRDA:15,0,1,3
BRDA:18,1,0,4
BRDA:18,1,1,6
BRF:4
BRH:4
end_of_record
TN:
SF:C:\code\scaffold\src\service-provider.ts
FN:10,(anonymous_0)
FN:32,(anonymous_1)
FNF:2
FNH:2
FNDA:10,(anonymous_0)
FNDA:14,(anonymous_1)
DA:1,3
DA:2,3
DA:4,3
DA:11,10
DA:12,10
DA:13,10
DA:15,10
DA:16,7
DA:18,7
DA:20,2
DA:21,2
DA:24,3
DA:25,3
DA:28,7
DA:33,14
DA:35,14
DA:36,1
DA:39,13
DA:41,13
DA:42,1
DA:45,12
LF:21
LH:21
BRDA:19,0,0,2
BRDA:19,0,1,3
BRDA:35,1,0,1
BRDA:35,1,1,13
BRDA:41,2,0,1
BRDA:41,2,1,12
BRF:6
BRH:6
end_of_record
TN:
SF:C:\code\scaffold\src\service-worker-builder.ts
FN:13,(anonymous_0)
FN:29,(anonymous_1)
FN:34,(anonymous_2)
FNF:3
FNH:3
FNDA:7,(anonymous_0)
FNDA:3,(anonymous_1)
FNDA:3,(anonymous_2)
DA:1,2
DA:3,2
DA:4,2
DA:5,2
DA:6,2
DA:8,2
DA:14,7
DA:15,7
DA:16,7
DA:18,7
DA:20,7
DA:21,1
DA:24,7
DA:25,1
DA:30,3
DA:31,3
DA:35,3
DA:36,1
DA:39,2
DA:42,2
DA:44,2
DA:45,1
DA:48,2
DA:50,2
DA:52,2
DA:54,2
DA:56,2
LF:27
LH:27
BRDA:20,0,0,1
BRDA:20,0,1,6
BRDA:24,1,0,1
BRDA:24,1,1,6
BRDA:35,2,0,1
BRDA:35,2,1,2
BRDA:44,3,0,1
BRDA:44,3,1,1
BRF:8
BRH:8
end_of_record
