TN:
SF:C:\code\scaffold\src\abstractions.ts
FN:110,(anonymous_0)
FNF:1
FNH:1
FNDA:3,(anonymous_0)
DA:110,3
DA:114,3
DA:119,3
DA:124,3
LF:4
LH:4
BRDA:110,0,0,3
BRDA:110,0,1,3
BRF:2
BRH:2
end_of_record
TN:
SF:C:\code\scaffold\src\application-builder.ts
FN:21,(anonymous_0)
FN:35,(anonymous_1)
FN:38,(anonymous_2)
FN:50,(anonymous_3)
FN:61,(anonymous_4)
FN:70,(anonymous_5)
FN:81,(anonymous_6)
FN:86,(anonymous_7)
FN:91,(anonymous_8)
FN:96,(anonymous_9)
FN:106,(anonymous_10)
FN:116,(anonymous_11)
FN:124,(anonymous_12)
FN:134,(anonymous_13)
FN:145,(anonymous_14)
FN:150,(anonymous_15)
FN:159,(anonymous_16)
FNF:17
FNH:17
FNDA:28,(anonymous_0)
FNDA:1,(anonymous_1)
FNDA:1,(anonymous_2)
FNDA:2,(anonymous_3)
FNDA:2,(anonymous_4)
FNDA:7,(anonymous_5)
FNDA:8,(anonymous_6)
FNDA:1,(anonymous_7)
FNDA:1,(anonymous_8)
FNDA:1,(anonymous_9)
FNDA:3,(anonymous_10)
FNDA:1,(anonymous_11)
FNDA:1,(anonymous_12)
FNDA:1,(anonymous_13)
FNDA:1,(anonymous_14)
FNDA:10,(anonymous_15)
FNDA:10,(anonymous_16)
DA:1,3
DA:3,3
DA:4,3
DA:6,3
DA:14,3
DA:22,28
DA:23,28
DA:24,28
DA:26,28
DA:36,1
DA:38,1
DA:40,1
DA:51,2
DA:62,2
DA:71,7
DA:82,8
DA:83,8
DA:87,1
DA:88,1
DA:92,1
DA:93,1
DA:97,1
DA:101,1
DA:103,1
DA:107,3
DA:109,3
DA:110,2
DA:113,3
DA:117,1
DA:119,1
DA:121,1
DA:127,1
DA:129,1
DA:131,1
DA:138,1
DA:140,1
DA:142,1
DA:146,1
DA:147,1
DA:151,10
DA:153,10
DA:154,2
DA:159,10
DA:160,10
DA:162,3
DA:163,3
DA:166,1
DA:167,1
DA:170,1
DA:171,1
DA:174,1
DA:175,1
DA:178,1
DA:179,1
DA:182,1
DA:183,1
DA:186,1
DA:187,1
DA:190,1
DA:191,1
DA:195,10
LF:61
LH:61
BRDA:107,0,0,3
BRDA:107,0,1,2
BRDA:109,1,0,2
BRDA:109,1,1,1
BRDA:109,2,0,3
BRDA:109,2,1,2
BRDA:117,3,0,1
BRDA:117,3,1,1
BRDA:153,4,0,2
BRDA:153,4,1,8
BRDA:153,5,0,10
BRDA:153,5,1,8
BRDA:161,6,0,3
BRDA:161,6,1,1
BRDA:161,6,2,1
BRDA:161,6,3,1
BRDA:161,6,4,1
BRDA:161,6,5,1
BRDA:161,6,6,1
BRDA:161,6,7,1
BRF:20
BRH:20
end_of_record
TN:
SF:C:\code\scaffold\src\hosting-environment.ts
FN:7,(anonymous_0)
FN:11,(anonymous_1)
FN:15,(anonymous_2)
FN:19,(anonymous_3)
FN:23,(anonymous_4)
FNF:5
FNH:5
FNDA:21,(anonymous_0)
FNDA:3,(anonymous_1)
FNDA:1,(anonymous_2)
FNDA:3,(anonymous_3)
FNDA:1,(anonymous_4)
DA:4,4
DA:8,21
DA:12,3
DA:16,1
DA:20,3
DA:24,1
LF:6
LH:6
BRF:0
BRH:0
end_of_record
TN:
SF:C:\code\scaffold\src\middlewares.ts
FN:7,(anonymous_6)
FN:8,(anonymous_7)
FN:9,(anonymous_8)
FN:9,(anonymous_9)
FN:12,(anonymous_10)
FN:12,(anonymous_11)
FN:21,(anonymous_12)
FN:22,(anonymous_13)
FN:22,(anonymous_14)
FN:27,(anonymous_15)
FNF:10
FNH:10
FNDA:1,(anonymous_6)
FNDA:1,(anonymous_7)
FNDA:1,(anonymous_8)
FNDA:1,(anonymous_9)
FNDA:2,(anonymous_10)
FNDA:2,(anonymous_11)
FNDA:1,(anonymous_12)
FNDA:1,(anonymous_13)
FNDA:1,(anonymous_14)
FNDA:1,(anonymous_15)
DA:2,4
DA:3,4
DA:6,4
DA:7,1
DA:9,1
DA:10,1
DA:12,2
DA:13,2
DA:14,1
DA:17,1
DA:22,1
DA:23,1
DA:24,1
DA:27,1
LF:14
LH:14
BRDA:13,0,0,1
BRDA:13,0,1,1
BRF:2
BRH:2
end_of_record
TN:
SF:C:\code\scaffold\src\scaffold.ts
FN:21,(anonymous_0)
FNF:1
FNH:1
FNDA:2,(anonymous_0)
DA:1,1
DA:3,1
DA:11,1
DA:22,2
DA:23,1
DA:28,2
DA:29,2
DA:30,2
DA:32,2
LF:9
LH:9
BRDA:22,0,0,1
BRDA:22,0,1,1
BRDA:28,1,0,2
BRDA:28,1,1,1
BRDA:29,2,0,2
BRDA:29,2,1,1
BRF:6
BRH:6
end_of_record
TN:
SF:C:\code\scaffold\src\service-collection.ts
FN:7,(anonymous_0)
FN:11,(anonymous_1)
FN:15,(anonymous_2)
FN:19,(anonymous_3)
FN:23,(anonymous_4)
FN:24,(anonymous_5)
FNF:6
FNH:6
FNDA:14,(anonymous_0)
FNDA:4,(anonymous_1)
FNDA:1,(anonymous_2)
FNDA:2,(anonymous_3)
FNDA:1,(anonymous_4)
FNDA:1,(anonymous_5)
DA:1,3
DA:2,3
DA:4,3
DA:8,14
DA:12,4
DA:16,1
DA:20,2
DA:24,1
LF:8
LH:8
BRF:0
BRH:0
end_of_record
TN:
SF:C:\code\scaffold\src\service-descriptor.ts
FN:8,(anonymous_0)
FNF:1
FNH:1
FNDA:7,(anonymous_0)
DA:3,3
DA:9,7
DA:10,7
DA:11,7
LF:4
LH:4
BRF:0
BRH:0
end_of_record
TN:
SF:C:\code\scaffold\src\service-instance-wrapper.ts
FN:7,(anonymous_0)
FN:12,(anonymous_1)
FNF:2
FNH:2
FNDA:7,(anonymous_0)
FNDA:13,(anonymous_1)
DA:3,3
DA:8,7
DA:9,7
DA:15,13
DA:16,10
DA:18,10
DA:19,4
DA:20,4
DA:23,3
DA:26,13
LF:10
LH:10
BRDA:15,0,0,10
BRDA:15,0,1,3
BRDA:18,1,0,4
BRDA:18,1,1,6
BRF:4
BRH:4
end_of_record
TN:
SF:C:\code\scaffold\src\service-provider.ts
FN:10,(anonymous_0)
FN:32,(anonymous_1)
FNF:2
FNH:2
FNDA:10,(anonymous_0)
FNDA:14,(anonymous_1)
DA:1,3
DA:2,3
DA:4,3
DA:11,10
DA:12,10
DA:13,10
DA:15,10
DA:16,7
DA:18,7
DA:20,2
DA:21,2
DA:24,3
DA:25,3
DA:28,7
DA:33,14
DA:35,14
DA:36,1
DA:39,13
DA:41,13
DA:42,1
DA:45,12
LF:21
LH:21
BRDA:19,0,0,2
BRDA:19,0,1,3
BRDA:35,1,0,1
BRDA:35,1,1,13
BRDA:41,2,0,1
BRDA:41,2,1,12
BRF:6
BRH:6
end_of_record
TN:
SF:C:\code\scaffold\src\service-worker-builder.ts
FN:13,(anonymous_0)
FN:29,(anonymous_1)
FN:34,(anonymous_2)
FNF:3
FNH:3
FNDA:7,(anonymous_0)
FNDA:3,(anonymous_1)
FNDA:3,(anonymous_2)
DA:1,2
DA:3,2
DA:4,2
DA:5,2
DA:6,2
DA:8,2
DA:14,7
DA:15,7
DA:16,7
DA:18,7
DA:20,7
DA:21,1
DA:24,7
DA:25,1
DA:30,3
DA:31,3
DA:35,3
DA:36,1
DA:39,2
DA:42,2
DA:44,2
DA:45,1
DA:48,2
DA:50,2
DA:52,2
DA:54,2
DA:56,2
LF:27
LH:27
BRDA:20,0,0,1
BRDA:20,0,1,6
BRDA:24,1,0,1
BRDA:24,1,1,6
BRDA:35,2,0,1
BRDA:35,2,1,2
BRDA:44,3,0,1
BRDA:44,3,1,1
BRF:8
BRH:8
end_of_record
